{"C:\\Users\\admin\\Downloads\\cs4218-2420-ecom-project-team01\\client\\src\\components\\AdminMenu.js": {"path":"C:\\Users\\admin\\Downloads\\cs4218-2420-ecom-project-team01\\client\\src\\components\\AdminMenu.js","statementMap":{"0":{"start":{"line":3,"column":18},"end":{"line":43,"column":1}},"1":{"start":{"line":4,"column":2},"end":{"line":42,"column":4}}},"fnMap":{"0":{"name":"(anonymous_0)","decl":{"start":{"line":3,"column":18},"end":{"line":3,"column":19}},"loc":{"start":{"line":3,"column":24},"end":{"line":43,"column":1}},"line":3}},"branchMap":{},"s":{"0":1,"1":5},"f":{"0":5},"b":{},"_coverageSchema":"1a1c01bbd47fc00a2c39e90264f33305004495a9","hash":"e7bfe74a210fd147966fa35b1688f1c353b0eafa"}
,"C:\\Users\\admin\\Downloads\\cs4218-2420-ecom-project-team01\\client\\src\\components\\Footer.js": {"path":"C:\\Users\\admin\\Downloads\\cs4218-2420-ecom-project-team01\\client\\src\\components\\Footer.js","statementMap":{"0":{"start":{"line":4,"column":15},"end":{"line":14,"column":1}},"1":{"start":{"line":5,"column":2},"end":{"line":13,"column":4}}},"fnMap":{"0":{"name":"(anonymous_0)","decl":{"start":{"line":4,"column":15},"end":{"line":4,"column":16}},"loc":{"start":{"line":4,"column":21},"end":{"line":14,"column":1}},"line":4}},"branchMap":{},"s":{"0":3,"1":43},"f":{"0":43},"b":{},"_coverageSchema":"1a1c01bbd47fc00a2c39e90264f33305004495a9","hash":"147076cbf0a3747cba6f871bc9de946c965d96a6"}
,"C:\\Users\\admin\\Downloads\\cs4218-2420-ecom-project-team01\\client\\src\\components\\Header.js": {"path":"C:\\Users\\admin\\Downloads\\cs4218-2420-ecom-project-team01\\client\\src\\components\\Header.js","statementMap":{"0":{"start":{"line":10,"column":15},"end":{"line":138,"column":1}},"1":{"start":{"line":11,"column":26},"end":{"line":11,"column":35}},"2":{"start":{"line":12,"column":17},"end":{"line":12,"column":26}},"3":{"start":{"line":13,"column":21},"end":{"line":13,"column":34}},"4":{"start":{"line":14,"column":23},"end":{"line":22,"column":3}},"5":{"start":{"line":15,"column":4},"end":{"line":19,"column":7}},"6":{"start":{"line":20,"column":4},"end":{"line":20,"column":36}},"7":{"start":{"line":21,"column":4},"end":{"line":21,"column":41}},"8":{"start":{"line":23,"column":2},"end":{"line":137,"column":4}},"9":{"start":{"line":64,"column":20},"end":{"line":71,"column":25}}},"fnMap":{"0":{"name":"(anonymous_0)","decl":{"start":{"line":10,"column":15},"end":{"line":10,"column":16}},"loc":{"start":{"line":10,"column":21},"end":{"line":138,"column":1}},"line":10},"1":{"name":"(anonymous_1)","decl":{"start":{"line":14,"column":23},"end":{"line":14,"column":24}},"loc":{"start":{"line":14,"column":29},"end":{"line":22,"column":3}},"line":14},"2":{"name":"(anonymous_2)","decl":{"start":{"line":63,"column":35},"end":{"line":63,"column":36}},"loc":{"start":{"line":64,"column":20},"end":{"line":71,"column":25}},"line":64}},"branchMap":{"0":{"loc":{"start":{"line":76,"column":15},"end":{"line":124,"column":15}},"type":"cond-expr","locations":[{"start":{"line":77,"column":16},"end":{"line":88,"column":19}},{"start":{"line":90,"column":16},"end":{"line":123,"column":19}}],"line":76},"1":{"loc":{"start":{"line":105,"column":28},"end":{"line":105,"column":69}},"type":"cond-expr","locations":[{"start":{"line":105,"column":53},"end":{"line":105,"column":60}},{"start":{"line":105,"column":63},"end":{"line":105,"column":69}}],"line":105}},"s":{"0":3,"1":43,"2":43,"3":43,"4":43,"5":0,"6":0,"7":0,"8":43,"9":2},"f":{"0":43,"1":0,"2":2},"b":{"0":[43,0],"1":[0,0]},"_coverageSchema":"1a1c01bbd47fc00a2c39e90264f33305004495a9","hash":"c725101cbe0fa3041b54c5dce50ec5f5cb581d9d"}
,"C:\\Users\\admin\\Downloads\\cs4218-2420-ecom-project-team01\\client\\src\\components\\Layout.js": {"path":"C:\\Users\\admin\\Downloads\\cs4218-2420-ecom-project-team01\\client\\src\\components\\Layout.js","statementMap":{"0":{"start":{"line":8,"column":15},"end":{"line":26,"column":1}},"1":{"start":{"line":9,"column":2},"end":{"line":25,"column":4}},"2":{"start":{"line":28,"column":0},"end":{"line":33,"column":2}}},"fnMap":{"0":{"name":"(anonymous_0)","decl":{"start":{"line":8,"column":15},"end":{"line":8,"column":16}},"loc":{"start":{"line":8,"column":71},"end":{"line":26,"column":1}},"line":8}},"branchMap":{},"s":{"0":3,"1":43,"2":3},"f":{"0":43},"b":{},"_coverageSchema":"1a1c01bbd47fc00a2c39e90264f33305004495a9","hash":"7462d00a9e27b691e38fbad4a2e198a26dbbca01"}
,"C:\\Users\\admin\\Downloads\\cs4218-2420-ecom-project-team01\\client\\src\\components\\Prices.js": {"path":"C:\\Users\\admin\\Downloads\\cs4218-2420-ecom-project-team01\\client\\src\\components\\Prices.js","statementMap":{"0":{"start":{"line":1,"column":22},"end":{"line":32,"column":3}}},"fnMap":{},"branchMap":{},"s":{"0":0},"f":{},"b":{}}
,"C:\\Users\\admin\\Downloads\\cs4218-2420-ecom-project-team01\\client\\src\\components\\Spinner.js": {"path":"C:\\Users\\admin\\Downloads\\cs4218-2420-ecom-project-team01\\client\\src\\components\\Spinner.js","statementMap":{"0":{"start":{"line":3,"column":16},"end":{"line":30,"column":1}},"1":{"start":{"line":4,"column":28},"end":{"line":4,"column":39}},"2":{"start":{"line":5,"column":19},"end":{"line":5,"column":32}},"3":{"start":{"line":6,"column":19},"end":{"line":6,"column":32}},"4":{"start":{"line":8,"column":2},"end":{"line":16,"column":34}},"5":{"start":{"line":9,"column":21},"end":{"line":11,"column":12}},"6":{"start":{"line":10,"column":6},"end":{"line":10,"column":43}},"7":{"start":{"line":10,"column":30},"end":{"line":10,"column":41}},"8":{"start":{"line":12,"column":4},"end":{"line":14,"column":9}},"9":{"start":{"line":15,"column":4},"end":{"line":15,"column":41}},"10":{"start":{"line":15,"column":17},"end":{"line":15,"column":40}},"11":{"start":{"line":17,"column":2},"end":{"line":29,"column":4}}},"fnMap":{"0":{"name":"(anonymous_0)","decl":{"start":{"line":3,"column":16},"end":{"line":3,"column":17}},"loc":{"start":{"line":3,"column":40},"end":{"line":30,"column":1}},"line":3},"1":{"name":"(anonymous_1)","decl":{"start":{"line":8,"column":12},"end":{"line":8,"column":13}},"loc":{"start":{"line":8,"column":18},"end":{"line":16,"column":3}},"line":8},"2":{"name":"(anonymous_2)","decl":{"start":{"line":9,"column":33},"end":{"line":9,"column":34}},"loc":{"start":{"line":9,"column":39},"end":{"line":11,"column":5}},"line":9},"3":{"name":"(anonymous_3)","decl":{"start":{"line":10,"column":15},"end":{"line":10,"column":16}},"loc":{"start":{"line":10,"column":30},"end":{"line":10,"column":41}},"line":10},"4":{"name":"(anonymous_4)","decl":{"start":{"line":15,"column":11},"end":{"line":15,"column":12}},"loc":{"start":{"line":15,"column":17},"end":{"line":15,"column":40}},"line":15}},"branchMap":{"0":{"loc":{"start":{"line":3,"column":19},"end":{"line":3,"column":33}},"type":"default-arg","locations":[{"start":{"line":3,"column":26},"end":{"line":3,"column":33}}],"line":3},"1":{"loc":{"start":{"line":12,"column":4},"end":{"line":14,"column":8}},"type":"binary-expr","locations":[{"start":{"line":12,"column":4},"end":{"line":12,"column":15}},{"start":{"line":12,"column":19},"end":{"line":14,"column":8}}],"line":12}},"s":{"0":0,"1":0,"2":0,"3":0,"4":0,"5":0,"6":0,"7":0,"8":0,"9":0,"10":0,"11":0},"f":{"0":0,"1":0,"2":0,"3":0,"4":0},"b":{"0":[0],"1":[0,0]}}
,"C:\\Users\\admin\\Downloads\\cs4218-2420-ecom-project-team01\\client\\src\\components\\UserMenu.js": {"path":"C:\\Users\\admin\\Downloads\\cs4218-2420-ecom-project-team01\\client\\src\\components\\UserMenu.js","statementMap":{"0":{"start":{"line":3,"column":17},"end":{"line":25,"column":1}},"1":{"start":{"line":4,"column":2},"end":{"line":24,"column":4}}},"fnMap":{"0":{"name":"(anonymous_0)","decl":{"start":{"line":3,"column":17},"end":{"line":3,"column":18}},"loc":{"start":{"line":3,"column":23},"end":{"line":25,"column":1}},"line":3}},"branchMap":{},"s":{"0":0,"1":0},"f":{"0":0},"b":{}}
,"C:\\Users\\admin\\Downloads\\cs4218-2420-ecom-project-team01\\client\\src\\components\\Form\\CategoryForm.js": {"path":"C:\\Users\\admin\\Downloads\\cs4218-2420-ecom-project-team01\\client\\src\\components\\Form\\CategoryForm.js","statementMap":{"0":{"start":{"line":3,"column":21},"end":{"line":23,"column":1}},"1":{"start":{"line":4,"column":2},"end":{"line":22,"column":4}},"2":{"start":{"line":13,"column":29},"end":{"line":13,"column":53}}},"fnMap":{"0":{"name":"(anonymous_0)","decl":{"start":{"line":3,"column":21},"end":{"line":3,"column":22}},"loc":{"start":{"line":3,"column":60},"end":{"line":23,"column":1}},"line":3},"1":{"name":"(anonymous_1)","decl":{"start":{"line":13,"column":22},"end":{"line":13,"column":23}},"loc":{"start":{"line":13,"column":29},"end":{"line":13,"column":53}},"line":13}},"branchMap":{},"s":{"0":1,"1":3,"2":1},"f":{"0":3,"1":1},"b":{},"_coverageSchema":"1a1c01bbd47fc00a2c39e90264f33305004495a9","hash":"a413400b2dc86d55bf14f30fc37667f462011e2a"}
,"C:\\Users\\admin\\Downloads\\cs4218-2420-ecom-project-team01\\client\\src\\components\\Form\\SearchInput.js": {"path":"C:\\Users\\admin\\Downloads\\cs4218-2420-ecom-project-team01\\client\\src\\components\\Form\\SearchInput.js","statementMap":{"0":{"start":{"line":5,"column":20},"end":{"line":38,"column":1}},"1":{"start":{"line":6,"column":30},"end":{"line":6,"column":41}},"2":{"start":{"line":7,"column":19},"end":{"line":7,"column":32}},"3":{"start":{"line":9,"column":23},"end":{"line":20,"column":3}},"4":{"start":{"line":10,"column":4},"end":{"line":10,"column":23}},"5":{"start":{"line":11,"column":4},"end":{"line":19,"column":5}},"6":{"start":{"line":12,"column":23},"end":{"line":14,"column":7}},"7":{"start":{"line":15,"column":6},"end":{"line":15,"column":46}},"8":{"start":{"line":16,"column":6},"end":{"line":16,"column":26}},"9":{"start":{"line":18,"column":6},"end":{"line":18,"column":25}},"10":{"start":{"line":21,"column":2},"end":{"line":37,"column":4}},"11":{"start":{"line":30,"column":27},"end":{"line":30,"column":76}}},"fnMap":{"0":{"name":"(anonymous_0)","decl":{"start":{"line":5,"column":20},"end":{"line":5,"column":21}},"loc":{"start":{"line":5,"column":26},"end":{"line":38,"column":1}},"line":5},"1":{"name":"(anonymous_1)","decl":{"start":{"line":9,"column":23},"end":{"line":9,"column":24}},"loc":{"start":{"line":9,"column":36},"end":{"line":20,"column":3}},"line":9},"2":{"name":"(anonymous_2)","decl":{"start":{"line":30,"column":20},"end":{"line":30,"column":21}},"loc":{"start":{"line":30,"column":27},"end":{"line":30,"column":76}},"line":30}},"branchMap":{},"s":{"0":3,"1":43,"2":43,"3":43,"4":0,"5":0,"6":0,"7":0,"8":0,"9":0,"10":43,"11":0},"f":{"0":43,"1":0,"2":0},"b":{},"_coverageSchema":"1a1c01bbd47fc00a2c39e90264f33305004495a9","hash":"a51bd0fef69c8617f6d32bf0311d2c6cf2fdeb6d"}
,"C:\\Users\\admin\\Downloads\\cs4218-2420-ecom-project-team01\\client\\src\\components\\Routes\\AdminRoute.js": {"path":"C:\\Users\\admin\\Downloads\\cs4218-2420-ecom-project-team01\\client\\src\\components\\Routes\\AdminRoute.js","statementMap":{"0":{"start":{"line":9,"column":23},"end":{"line":9,"column":38}},"1":{"start":{"line":10,"column":27},"end":{"line":10,"column":36}},"2":{"start":{"line":12,"column":4},"end":{"line":22,"column":22}},"3":{"start":{"line":13,"column":26},"end":{"line":20,"column":9}},"4":{"start":{"line":14,"column":24},"end":{"line":14,"column":66}},"5":{"start":{"line":15,"column":12},"end":{"line":19,"column":13}},"6":{"start":{"line":16,"column":16},"end":{"line":16,"column":28}},"7":{"start":{"line":18,"column":16},"end":{"line":18,"column":29}},"8":{"start":{"line":21,"column":8},"end":{"line":21,"column":37}},"9":{"start":{"line":21,"column":25},"end":{"line":21,"column":37}},"10":{"start":{"line":24,"column":4},"end":{"line":24,"column":40}}},"fnMap":{"0":{"name":"AdminRoute","decl":{"start":{"line":8,"column":24},"end":{"line":8,"column":34}},"loc":{"start":{"line":8,"column":36},"end":{"line":25,"column":1}},"line":8},"1":{"name":"(anonymous_1)","decl":{"start":{"line":12,"column":14},"end":{"line":12,"column":15}},"loc":{"start":{"line":12,"column":19},"end":{"line":22,"column":5}},"line":12},"2":{"name":"(anonymous_2)","decl":{"start":{"line":13,"column":26},"end":{"line":13,"column":27}},"loc":{"start":{"line":13,"column":37},"end":{"line":20,"column":9}},"line":13}},"branchMap":{"0":{"loc":{"start":{"line":15,"column":12},"end":{"line":19,"column":13}},"type":"if","locations":[{"start":{"line":15,"column":12},"end":{"line":19,"column":13}},{"start":{"line":17,"column":19},"end":{"line":19,"column":13}}],"line":15},"1":{"loc":{"start":{"line":21,"column":8},"end":{"line":21,"column":37}},"type":"if","locations":[{"start":{"line":21,"column":8},"end":{"line":21,"column":37}},{"start":{},"end":{}}],"line":21},"2":{"loc":{"start":{"line":24,"column":11},"end":{"line":24,"column":39}},"type":"cond-expr","locations":[{"start":{"line":24,"column":16},"end":{"line":24,"column":26}},{"start":{"line":24,"column":29},"end":{"line":24,"column":39}}],"line":24}},"s":{"0":0,"1":0,"2":0,"3":0,"4":0,"5":0,"6":0,"7":0,"8":0,"9":0,"10":0},"f":{"0":0,"1":0,"2":0},"b":{"0":[0,0],"1":[0,0],"2":[0,0]}}
,"C:\\Users\\admin\\Downloads\\cs4218-2420-ecom-project-team01\\client\\src\\components\\Routes\\Private.js": {"path":"C:\\Users\\admin\\Downloads\\cs4218-2420-ecom-project-team01\\client\\src\\components\\Routes\\Private.js","statementMap":{"0":{"start":{"line":9,"column":23},"end":{"line":9,"column":38}},"1":{"start":{"line":10,"column":27},"end":{"line":10,"column":36}},"2":{"start":{"line":12,"column":4},"end":{"line":22,"column":22}},"3":{"start":{"line":13,"column":26},"end":{"line":20,"column":9}},"4":{"start":{"line":14,"column":24},"end":{"line":14,"column":65}},"5":{"start":{"line":15,"column":12},"end":{"line":19,"column":13}},"6":{"start":{"line":16,"column":16},"end":{"line":16,"column":28}},"7":{"start":{"line":18,"column":16},"end":{"line":18,"column":29}},"8":{"start":{"line":21,"column":8},"end":{"line":21,"column":37}},"9":{"start":{"line":21,"column":25},"end":{"line":21,"column":37}},"10":{"start":{"line":24,"column":4},"end":{"line":24,"column":48}}},"fnMap":{"0":{"name":"PrivateRoute","decl":{"start":{"line":8,"column":24},"end":{"line":8,"column":36}},"loc":{"start":{"line":8,"column":38},"end":{"line":25,"column":1}},"line":8},"1":{"name":"(anonymous_1)","decl":{"start":{"line":12,"column":14},"end":{"line":12,"column":15}},"loc":{"start":{"line":12,"column":19},"end":{"line":22,"column":5}},"line":12},"2":{"name":"(anonymous_2)","decl":{"start":{"line":13,"column":26},"end":{"line":13,"column":27}},"loc":{"start":{"line":13,"column":37},"end":{"line":20,"column":9}},"line":13}},"branchMap":{"0":{"loc":{"start":{"line":15,"column":12},"end":{"line":19,"column":13}},"type":"if","locations":[{"start":{"line":15,"column":12},"end":{"line":19,"column":13}},{"start":{"line":17,"column":19},"end":{"line":19,"column":13}}],"line":15},"1":{"loc":{"start":{"line":21,"column":8},"end":{"line":21,"column":37}},"type":"if","locations":[{"start":{"line":21,"column":8},"end":{"line":21,"column":37}},{"start":{},"end":{}}],"line":21},"2":{"loc":{"start":{"line":24,"column":11},"end":{"line":24,"column":47}},"type":"cond-expr","locations":[{"start":{"line":24,"column":16},"end":{"line":24,"column":26}},{"start":{"line":24,"column":29},"end":{"line":24,"column":47}}],"line":24}},"s":{"0":0,"1":0,"2":0,"3":0,"4":0,"5":0,"6":0,"7":0,"8":0,"9":0,"10":0},"f":{"0":0,"1":0,"2":0},"b":{"0":[0,0],"1":[0,0],"2":[0,0]}}
,"C:\\Users\\admin\\Downloads\\cs4218-2420-ecom-project-team01\\client\\src\\hooks\\useCategory.js": {"path":"C:\\Users\\admin\\Downloads\\cs4218-2420-ecom-project-team01\\client\\src\\hooks\\useCategory.js","statementMap":{"0":{"start":{"line":5,"column":38},"end":{"line":5,"column":50}},"1":{"start":{"line":8,"column":24},"end":{"line":18,"column":3}},"2":{"start":{"line":9,"column":4},"end":{"line":17,"column":5}},"3":{"start":{"line":10,"column":23},"end":{"line":10,"column":71}},"4":{"start":{"line":11,"column":6},"end":{"line":14,"column":7}},"5":{"start":{"line":12,"column":21},"end":{"line":12,"column":41}},"6":{"start":{"line":13,"column":8},"end":{"line":13,"column":38}},"7":{"start":{"line":16,"column":6},"end":{"line":16,"column":25}},"8":{"start":{"line":20,"column":2},"end":{"line":22,"column":9}},"9":{"start":{"line":21,"column":4},"end":{"line":21,"column":20}},"10":{"start":{"line":24,"column":2},"end":{"line":24,"column":20}}},"fnMap":{"0":{"name":"useCategory","decl":{"start":{"line":4,"column":24},"end":{"line":4,"column":35}},"loc":{"start":{"line":4,"column":38},"end":{"line":25,"column":1}},"line":4},"1":{"name":"(anonymous_1)","decl":{"start":{"line":8,"column":24},"end":{"line":8,"column":25}},"loc":{"start":{"line":8,"column":36},"end":{"line":18,"column":3}},"line":8},"2":{"name":"(anonymous_2)","decl":{"start":{"line":20,"column":12},"end":{"line":20,"column":13}},"loc":{"start":{"line":20,"column":18},"end":{"line":22,"column":3}},"line":20}},"branchMap":{"0":{"loc":{"start":{"line":11,"column":6},"end":{"line":14,"column":7}},"type":"if","locations":[{"start":{"line":11,"column":6},"end":{"line":14,"column":7}},{"start":{},"end":{}}],"line":11}},"s":{"0":44,"1":44,"2":12,"3":12,"4":12,"5":1,"6":1,"7":0,"8":44,"9":12,"10":44},"f":{"0":44,"1":12,"2":12},"b":{"0":[1,11]},"_coverageSchema":"1a1c01bbd47fc00a2c39e90264f33305004495a9","hash":"b6f43e70eda8eea13cfa058aba62e669d4bcd4e0"}
,"C:\\Users\\admin\\Downloads\\cs4218-2420-ecom-project-team01\\client\\src\\pages\\About.js": {"path":"C:\\Users\\admin\\Downloads\\cs4218-2420-ecom-project-team01\\client\\src\\pages\\About.js","statementMap":{"0":{"start":{"line":4,"column":14},"end":{"line":23,"column":1}},"1":{"start":{"line":5,"column":2},"end":{"line":22,"column":4}}},"fnMap":{"0":{"name":"(anonymous_0)","decl":{"start":{"line":4,"column":14},"end":{"line":4,"column":15}},"loc":{"start":{"line":4,"column":20},"end":{"line":23,"column":1}},"line":4}},"branchMap":{},"s":{"0":0,"1":0},"f":{"0":0},"b":{}}
,"C:\\Users\\admin\\Downloads\\cs4218-2420-ecom-project-team01\\client\\src\\pages\\CartPage.js": {"path":"C:\\Users\\admin\\Downloads\\cs4218-2420-ecom-project-team01\\client\\src\\pages\\CartPage.js","statementMap":{"0":{"start":{"line":12,"column":17},"end":{"line":201,"column":1}},"1":{"start":{"line":13,"column":26},"end":{"line":13,"column":35}},"2":{"start":{"line":14,"column":26},"end":{"line":14,"column":35}},"3":{"start":{"line":15,"column":40},"end":{"line":15,"column":52}},"4":{"start":{"line":16,"column":34},"end":{"line":16,"column":46}},"5":{"start":{"line":17,"column":32},"end":{"line":17,"column":47}},"6":{"start":{"line":18,"column":19},"end":{"line":18,"column":32}},"7":{"start":{"line":21,"column":21},"end":{"line":34,"column":3}},"8":{"start":{"line":22,"column":4},"end":{"line":33,"column":5}},"9":{"start":{"line":23,"column":18},"end":{"line":23,"column":19}},"10":{"start":{"line":24,"column":6},"end":{"line":26,"column":9}},"11":{"start":{"line":25,"column":8},"end":{"line":25,"column":35}},"12":{"start":{"line":27,"column":6},"end":{"line":30,"column":9}},"13":{"start":{"line":32,"column":6},"end":{"line":32,"column":25}},"14":{"start":{"line":36,"column":25},"end":{"line":46,"column":3}},"15":{"start":{"line":37,"column":4},"end":{"line":45,"column":5}},"16":{"start":{"line":38,"column":19},"end":{"line":38,"column":28}},"17":{"start":{"line":39,"column":18},"end":{"line":39,"column":62}},"18":{"start":{"line":39,"column":45},"end":{"line":39,"column":61}},"19":{"start":{"line":40,"column":6},"end":{"line":40,"column":30}},"20":{"start":{"line":41,"column":6},"end":{"line":41,"column":22}},"21":{"start":{"line":42,"column":6},"end":{"line":42,"column":59}},"22":{"start":{"line":44,"column":6},"end":{"line":44,"column":25}},"23":{"start":{"line":49,"column":19},"end":{"line":56,"column":3}},"24":{"start":{"line":50,"column":4},"end":{"line":55,"column":5}},"25":{"start":{"line":51,"column":23},"end":{"line":51,"column":73}},"26":{"start":{"line":52,"column":6},"end":{"line":52,"column":40}},"27":{"start":{"line":54,"column":6},"end":{"line":54,"column":25}},"28":{"start":{"line":57,"column":2},"end":{"line":59,"column":20}},"29":{"start":{"line":58,"column":4},"end":{"line":58,"column":15}},"30":{"start":{"line":62,"column":24},"end":{"line":79,"column":3}},"31":{"start":{"line":63,"column":4},"end":{"line":78,"column":5}},"32":{"start":{"line":64,"column":6},"end":{"line":64,"column":23}},"33":{"start":{"line":65,"column":24},"end":{"line":65,"column":61}},"34":{"start":{"line":66,"column":23},"end":{"line":69,"column":8}},"35":{"start":{"line":70,"column":6},"end":{"line":70,"column":24}},"36":{"start":{"line":71,"column":6},"end":{"line":71,"column":38}},"37":{"start":{"line":72,"column":6},"end":{"line":72,"column":18}},"38":{"start":{"line":73,"column":6},"end":{"line":73,"column":41}},"39":{"start":{"line":74,"column":6},"end":{"line":74,"column":55}},"40":{"start":{"line":76,"column":6},"end":{"line":76,"column":25}},"41":{"start":{"line":77,"column":6},"end":{"line":77,"column":24}},"42":{"start":{"line":80,"column":2},"end":{"line":200,"column":4}},"43":{"start":{"line":103,"column":16},"end":{"line":126,"column":22}},"44":{"start":{"line":121,"column":37},"end":{"line":121,"column":58}},"45":{"start":{"line":141,"column":37},"end":{"line":141,"column":72}},"46":{"start":{"line":152,"column":37},"end":{"line":152,"column":72}},"47":{"start":{"line":160,"column":24},"end":{"line":162,"column":26}},"48":{"start":{"line":182,"column":48},"end":{"line":182,"column":69}}},"fnMap":{"0":{"name":"(anonymous_0)","decl":{"start":{"line":12,"column":17},"end":{"line":12,"column":18}},"loc":{"start":{"line":12,"column":23},"end":{"line":201,"column":1}},"line":12},"1":{"name":"(anonymous_1)","decl":{"start":{"line":21,"column":21},"end":{"line":21,"column":22}},"loc":{"start":{"line":21,"column":27},"end":{"line":34,"column":3}},"line":21},"2":{"name":"(anonymous_2)","decl":{"start":{"line":24,"column":16},"end":{"line":24,"column":17}},"loc":{"start":{"line":24,"column":26},"end":{"line":26,"column":7}},"line":24},"3":{"name":"(anonymous_3)","decl":{"start":{"line":36,"column":25},"end":{"line":36,"column":26}},"loc":{"start":{"line":36,"column":34},"end":{"line":46,"column":3}},"line":36},"4":{"name":"(anonymous_4)","decl":{"start":{"line":39,"column":35},"end":{"line":39,"column":36}},"loc":{"start":{"line":39,"column":45},"end":{"line":39,"column":61}},"line":39},"5":{"name":"(anonymous_5)","decl":{"start":{"line":49,"column":19},"end":{"line":49,"column":20}},"loc":{"start":{"line":49,"column":31},"end":{"line":56,"column":3}},"line":49},"6":{"name":"(anonymous_6)","decl":{"start":{"line":57,"column":12},"end":{"line":57,"column":13}},"loc":{"start":{"line":57,"column":18},"end":{"line":59,"column":3}},"line":57},"7":{"name":"(anonymous_7)","decl":{"start":{"line":62,"column":24},"end":{"line":62,"column":25}},"loc":{"start":{"line":62,"column":36},"end":{"line":79,"column":3}},"line":62},"8":{"name":"(anonymous_8)","decl":{"start":{"line":102,"column":25},"end":{"line":102,"column":26}},"loc":{"start":{"line":103,"column":16},"end":{"line":126,"column":22}},"line":103},"9":{"name":"(anonymous_9)","decl":{"start":{"line":121,"column":31},"end":{"line":121,"column":32}},"loc":{"start":{"line":121,"column":37},"end":{"line":121,"column":58}},"line":121},"10":{"name":"(anonymous_10)","decl":{"start":{"line":141,"column":31},"end":{"line":141,"column":32}},"loc":{"start":{"line":141,"column":37},"end":{"line":141,"column":72}},"line":141},"11":{"name":"(anonymous_11)","decl":{"start":{"line":152,"column":31},"end":{"line":152,"column":32}},"loc":{"start":{"line":152,"column":37},"end":{"line":152,"column":72}},"line":152},"12":{"name":"(anonymous_12)","decl":{"start":{"line":159,"column":31},"end":{"line":159,"column":32}},"loc":{"start":{"line":160,"column":24},"end":{"line":162,"column":26}},"line":160},"13":{"name":"(anonymous_13)","decl":{"start":{"line":182,"column":34},"end":{"line":182,"column":35}},"loc":{"start":{"line":182,"column":48},"end":{"line":182,"column":69}},"line":182}},"branchMap":{"0":{"loc":{"start":{"line":86,"column":15},"end":{"line":88,"column":61}},"type":"cond-expr","locations":[{"start":{"line":87,"column":18},"end":{"line":87,"column":31}},{"start":{"line":88,"column":18},"end":{"line":88,"column":61}}],"line":86},"1":{"loc":{"start":{"line":88,"column":28},"end":{"line":88,"column":59}},"type":"binary-expr","locations":[{"start":{"line":88,"column":28},"end":{"line":88,"column":39}},{"start":{"line":88,"column":43},"end":{"line":88,"column":59}}],"line":88},"2":{"loc":{"start":{"line":90,"column":17},"end":{"line":94,"column":41}},"type":"cond-expr","locations":[{"start":{"line":91,"column":20},"end":{"line":93,"column":22}},{"start":{"line":94,"column":20},"end":{"line":94,"column":41}}],"line":90},"3":{"loc":{"start":{"line":92,"column":22},"end":{"line":92,"column":69}},"type":"cond-expr","locations":[{"start":{"line":92,"column":36},"end":{"line":92,"column":38}},{"start":{"line":92,"column":41},"end":{"line":92,"column":69}}],"line":92},"4":{"loc":{"start":{"line":134,"column":15},"end":{"line":169,"column":15}},"type":"cond-expr","locations":[{"start":{"line":135,"column":16},"end":{"line":146,"column":19}},{"start":{"line":148,"column":16},"end":{"line":168,"column":22}}],"line":134},"5":{"loc":{"start":{"line":149,"column":19},"end":{"line":167,"column":19}},"type":"cond-expr","locations":[{"start":{"line":150,"column":20},"end":{"line":155,"column":29}},{"start":{"line":157,"column":20},"end":{"line":166,"column":29}}],"line":149},"6":{"loc":{"start":{"line":171,"column":17},"end":{"line":193,"column":17}},"type":"cond-expr","locations":[{"start":{"line":172,"column":18},"end":{"line":172,"column":20}},{"start":{"line":174,"column":18},"end":{"line":192,"column":21}}],"line":171},"7":{"loc":{"start":{"line":171,"column":17},"end":{"line":171,"column":62}},"type":"binary-expr","locations":[{"start":{"line":171,"column":17},"end":{"line":171,"column":29}},{"start":{"line":171,"column":33},"end":{"line":171,"column":45}},{"start":{"line":171,"column":49},"end":{"line":171,"column":62}}],"line":171},"8":{"loc":{"start":{"line":188,"column":32},"end":{"line":188,"column":76}},"type":"binary-expr","locations":[{"start":{"line":188,"column":32},"end":{"line":188,"column":39}},{"start":{"line":188,"column":43},"end":{"line":188,"column":52}},{"start":{"line":188,"column":56},"end":{"line":188,"column":76}}],"line":188},"9":{"loc":{"start":{"line":190,"column":23},"end":{"line":190,"column":67}},"type":"cond-expr","locations":[{"start":{"line":190,"column":33},"end":{"line":190,"column":50}},{"start":{"line":190,"column":53},"end":{"line":190,"column":67}}],"line":190}},"s":{"0":0,"1":0,"2":0,"3":0,"4":0,"5":0,"6":0,"7":0,"8":0,"9":0,"10":0,"11":0,"12":0,"13":0,"14":0,"15":0,"16":0,"17":0,"18":0,"19":0,"20":0,"21":0,"22":0,"23":0,"24":0,"25":0,"26":0,"27":0,"28":0,"29":0,"30":0,"31":0,"32":0,"33":0,"34":0,"35":0,"36":0,"37":0,"38":0,"39":0,"40":0,"41":0,"42":0,"43":0,"44":0,"45":0,"46":0,"47":0,"48":0},"f":{"0":0,"1":0,"2":0,"3":0,"4":0,"5":0,"6":0,"7":0,"8":0,"9":0,"10":0,"11":0,"12":0,"13":0},"b":{"0":[0,0],"1":[0,0],"2":[0,0],"3":[0,0],"4":[0,0],"5":[0,0],"6":[0,0],"7":[0,0,0],"8":[0,0,0],"9":[0,0]}}
,"C:\\Users\\admin\\Downloads\\cs4218-2420-ecom-project-team01\\client\\src\\pages\\Categories.js": {"path":"C:\\Users\\admin\\Downloads\\cs4218-2420-ecom-project-team01\\client\\src\\pages\\Categories.js","statementMap":{"0":{"start":{"line":5,"column":19},"end":{"line":22,"column":1}},"1":{"start":{"line":6,"column":21},"end":{"line":6,"column":34}},"2":{"start":{"line":7,"column":2},"end":{"line":21,"column":4}},"3":{"start":{"line":12,"column":12},"end":{"line":16,"column":18}}},"fnMap":{"0":{"name":"(anonymous_0)","decl":{"start":{"line":5,"column":19},"end":{"line":5,"column":20}},"loc":{"start":{"line":5,"column":25},"end":{"line":22,"column":1}},"line":5},"1":{"name":"(anonymous_1)","decl":{"start":{"line":11,"column":26},"end":{"line":11,"column":27}},"loc":{"start":{"line":12,"column":12},"end":{"line":16,"column":18}},"line":12}},"branchMap":{},"s":{"0":1,"1":1,"2":1,"3":2},"f":{"0":1,"1":2},"b":{},"_coverageSchema":"1a1c01bbd47fc00a2c39e90264f33305004495a9","hash":"66ae8e3da10f45610cc8ab48baa5f52c6154c65f"}
,"C:\\Users\\admin\\Downloads\\cs4218-2420-ecom-project-team01\\client\\src\\pages\\CategoryProduct.js": {"path":"C:\\Users\\admin\\Downloads\\cs4218-2420-ecom-project-team01\\client\\src\\pages\\CategoryProduct.js","statementMap":{"0":{"start":{"line":8,"column":24},"end":{"line":102,"column":1}},"1":{"start":{"line":9,"column":17},"end":{"line":9,"column":28}},"2":{"start":{"line":10,"column":19},"end":{"line":10,"column":32}},"3":{"start":{"line":11,"column":34},"end":{"line":11,"column":46}},"4":{"start":{"line":12,"column":34},"end":{"line":12,"column":46}},"5":{"start":{"line":13,"column":26},"end":{"line":13,"column":35}},"6":{"start":{"line":15,"column":2},"end":{"line":17,"column":21}},"7":{"start":{"line":16,"column":4},"end":{"line":16,"column":40}},"8":{"start":{"line":16,"column":22},"end":{"line":16,"column":40}},"9":{"start":{"line":18,"column":26},"end":{"line":28,"column":3}},"10":{"start":{"line":19,"column":4},"end":{"line":27,"column":5}},"11":{"start":{"line":20,"column":23},"end":{"line":22,"column":7}},"12":{"start":{"line":23,"column":6},"end":{"line":23,"column":34}},"13":{"start":{"line":24,"column":6},"end":{"line":24,"column":34}},"14":{"start":{"line":26,"column":6},"end":{"line":26,"column":25}},"15":{"start":{"line":30,"column":2},"end":{"line":101,"column":4}},"16":{"start":{"line":39,"column":16},"end":{"line":81,"column":22}},"17":{"start":{"line":64,"column":39},"end":{"line":64,"column":69}},"18":{"start":{"line":70,"column":26},"end":{"line":70,"column":48}},"19":{"start":{"line":71,"column":26},"end":{"line":74,"column":28}},"20":{"start":{"line":75,"column":26},"end":{"line":75,"column":62}}},"fnMap":{"0":{"name":"(anonymous_0)","decl":{"start":{"line":8,"column":24},"end":{"line":8,"column":25}},"loc":{"start":{"line":8,"column":30},"end":{"line":102,"column":1}},"line":8},"1":{"name":"(anonymous_1)","decl":{"start":{"line":15,"column":12},"end":{"line":15,"column":13}},"loc":{"start":{"line":15,"column":18},"end":{"line":17,"column":3}},"line":15},"2":{"name":"(anonymous_2)","decl":{"start":{"line":18,"column":26},"end":{"line":18,"column":27}},"loc":{"start":{"line":18,"column":38},"end":{"line":28,"column":3}},"line":18},"3":{"name":"(anonymous_3)","decl":{"start":{"line":38,"column":29},"end":{"line":38,"column":30}},"loc":{"start":{"line":39,"column":16},"end":{"line":81,"column":22}},"line":39},"4":{"name":"(anonymous_4)","decl":{"start":{"line":64,"column":33},"end":{"line":64,"column":34}},"loc":{"start":{"line":64,"column":39},"end":{"line":64,"column":69}},"line":64},"5":{"name":"(anonymous_5)","decl":{"start":{"line":69,"column":33},"end":{"line":69,"column":34}},"loc":{"start":{"line":69,"column":39},"end":{"line":76,"column":25}},"line":69}},"branchMap":{"0":{"loc":{"start":{"line":16,"column":4},"end":{"line":16,"column":40}},"type":"if","locations":[{"start":{"line":16,"column":4},"end":{"line":16,"column":40}},{"start":{},"end":{}}],"line":16}},"s":{"0":1,"1":13,"2":13,"3":13,"4":13,"5":13,"6":13,"7":8,"8":7,"9":13,"10":7,"11":7,"12":6,"13":6,"14":1,"15":13,"16":15,"17":1,"18":2,"19":2,"20":2},"f":{"0":13,"1":8,"2":7,"3":15,"4":1,"5":2},"b":{"0":[7,1]},"_coverageSchema":"1a1c01bbd47fc00a2c39e90264f33305004495a9","hash":"5374a6310efec28b07243ab62b0b9e49a919b3cd"}
,"C:\\Users\\admin\\Downloads\\cs4218-2420-ecom-project-team01\\client\\src\\pages\\Contact.js": {"path":"C:\\Users\\admin\\Downloads\\cs4218-2420-ecom-project-team01\\client\\src\\pages\\Contact.js","statementMap":{"0":{"start":{"line":4,"column":16},"end":{"line":34,"column":1}},"1":{"start":{"line":5,"column":2},"end":{"line":33,"column":4}}},"fnMap":{"0":{"name":"(anonymous_0)","decl":{"start":{"line":4,"column":16},"end":{"line":4,"column":17}},"loc":{"start":{"line":4,"column":22},"end":{"line":34,"column":1}},"line":4}},"branchMap":{},"s":{"0":0,"1":0},"f":{"0":0},"b":{}}
,"C:\\Users\\admin\\Downloads\\cs4218-2420-ecom-project-team01\\client\\src\\pages\\HomePage.js": {"path":"C:\\Users\\admin\\Downloads\\cs4218-2420-ecom-project-team01\\client\\src\\pages\\HomePage.js","statementMap":{"0":{"start":{"line":11,"column":17},"end":{"line":211,"column":1}},"1":{"start":{"line":12,"column":19},"end":{"line":12,"column":32}},"2":{"start":{"line":13,"column":26},"end":{"line":13,"column":35}},"3":{"start":{"line":14,"column":34},"end":{"line":14,"column":46}},"4":{"start":{"line":15,"column":38},"end":{"line":15,"column":50}},"5":{"start":{"line":16,"column":32},"end":{"line":16,"column":44}},"6":{"start":{"line":17,"column":28},"end":{"line":17,"column":40}},"7":{"start":{"line":18,"column":28},"end":{"line":18,"column":39}},"8":{"start":{"line":19,"column":26},"end":{"line":19,"column":37}},"9":{"start":{"line":20,"column":32},"end":{"line":20,"column":47}},"10":{"start":{"line":23,"column":25},"end":{"line":32,"column":3}},"11":{"start":{"line":24,"column":4},"end":{"line":31,"column":5}},"12":{"start":{"line":25,"column":23},"end":{"line":25,"column":71}},"13":{"start":{"line":26,"column":6},"end":{"line":28,"column":7}},"14":{"start":{"line":27,"column":8},"end":{"line":27,"column":38}},"15":{"start":{"line":30,"column":6},"end":{"line":30,"column":25}},"16":{"start":{"line":34,"column":2},"end":{"line":37,"column":9}},"17":{"start":{"line":35,"column":4},"end":{"line":35,"column":21}},"18":{"start":{"line":36,"column":4},"end":{"line":36,"column":15}},"19":{"start":{"line":39,"column":25},"end":{"line":49,"column":3}},"20":{"start":{"line":40,"column":4},"end":{"line":48,"column":5}},"21":{"start":{"line":41,"column":6},"end":{"line":41,"column":23}},"22":{"start":{"line":42,"column":23},"end":{"line":42,"column":78}},"23":{"start":{"line":43,"column":6},"end":{"line":43,"column":24}},"24":{"start":{"line":44,"column":6},"end":{"line":44,"column":33}},"25":{"start":{"line":46,"column":6},"end":{"line":46,"column":24}},"26":{"start":{"line":47,"column":6},"end":{"line":47,"column":25}},"27":{"start":{"line":52,"column":19},"end":{"line":59,"column":3}},"28":{"start":{"line":53,"column":4},"end":{"line":58,"column":5}},"29":{"start":{"line":54,"column":23},"end":{"line":54,"column":71}},"30":{"start":{"line":55,"column":6},"end":{"line":55,"column":28}},"31":{"start":{"line":57,"column":6},"end":{"line":57,"column":25}},"32":{"start":{"line":61,"column":2},"end":{"line":64,"column":13}},"33":{"start":{"line":62,"column":4},"end":{"line":62,"column":27}},"34":{"start":{"line":62,"column":20},"end":{"line":62,"column":27}},"35":{"start":{"line":63,"column":4},"end":{"line":63,"column":15}},"36":{"start":{"line":66,"column":19},"end":{"line":76,"column":3}},"37":{"start":{"line":67,"column":4},"end":{"line":75,"column":5}},"38":{"start":{"line":68,"column":6},"end":{"line":68,"column":23}},"39":{"start":{"line":69,"column":23},"end":{"line":69,"column":78}},"40":{"start":{"line":70,"column":6},"end":{"line":70,"column":24}},"41":{"start":{"line":71,"column":6},"end":{"line":71,"column":52}},"42":{"start":{"line":73,"column":6},"end":{"line":73,"column":25}},"43":{"start":{"line":74,"column":6},"end":{"line":74,"column":24}},"44":{"start":{"line":79,"column":23},"end":{"line":87,"column":3}},"45":{"start":{"line":80,"column":14},"end":{"line":80,"column":26}},"46":{"start":{"line":81,"column":4},"end":{"line":85,"column":5}},"47":{"start":{"line":82,"column":6},"end":{"line":82,"column":19}},"48":{"start":{"line":84,"column":6},"end":{"line":84,"column":40}},"49":{"start":{"line":84,"column":30},"end":{"line":84,"column":38}},"50":{"start":{"line":86,"column":4},"end":{"line":86,"column":20}},"51":{"start":{"line":88,"column":2},"end":{"line":90,"column":37}},"52":{"start":{"line":89,"column":4},"end":{"line":89,"column":59}},"53":{"start":{"line":89,"column":42},"end":{"line":89,"column":59}},"54":{"start":{"line":92,"column":2},"end":{"line":94,"column":23}},"55":{"start":{"line":93,"column":4},"end":{"line":93,"column":56}},"56":{"start":{"line":93,"column":40},"end":{"line":93,"column":56}},"57":{"start":{"line":97,"column":24},"end":{"line":107,"column":3}},"58":{"start":{"line":98,"column":4},"end":{"line":106,"column":5}},"59":{"start":{"line":99,"column":23},"end":{"line":102,"column":8}},"60":{"start":{"line":103,"column":6},"end":{"line":103,"column":34}},"61":{"start":{"line":105,"column":6},"end":{"line":105,"column":25}},"62":{"start":{"line":108,"column":2},"end":{"line":210,"column":4}},"63":{"start":{"line":123,"column":14},"end":{"line":127,"column":25}},"64":{"start":{"line":125,"column":33},"end":{"line":125,"column":70}},"65":{"start":{"line":133,"column":42},"end":{"line":133,"column":66}},"66":{"start":{"line":135,"column":16},"end":{"line":137,"column":22}},"67":{"start":{"line":144,"column":29},"end":{"line":144,"column":53}},"68":{"start":{"line":153,"column":14},"end":{"line":192,"column":20}},"69":{"start":{"line":175,"column":37},"end":{"line":175,"column":67}},"70":{"start":{"line":181,"column":24},"end":{"line":181,"column":46}},"71":{"start":{"line":182,"column":24},"end":{"line":185,"column":26}},"72":{"start":{"line":186,"column":24},"end":{"line":186,"column":60}},"73":{"start":{"line":200,"column":18},"end":{"line":200,"column":37}},"74":{"start":{"line":201,"column":18},"end":{"line":201,"column":36}}},"fnMap":{"0":{"name":"(anonymous_0)","decl":{"start":{"line":11,"column":17},"end":{"line":11,"column":18}},"loc":{"start":{"line":11,"column":23},"end":{"line":211,"column":1}},"line":11},"1":{"name":"(anonymous_1)","decl":{"start":{"line":23,"column":25},"end":{"line":23,"column":26}},"loc":{"start":{"line":23,"column":37},"end":{"line":32,"column":3}},"line":23},"2":{"name":"(anonymous_2)","decl":{"start":{"line":34,"column":12},"end":{"line":34,"column":13}},"loc":{"start":{"line":34,"column":18},"end":{"line":37,"column":3}},"line":34},"3":{"name":"(anonymous_3)","decl":{"start":{"line":39,"column":25},"end":{"line":39,"column":26}},"loc":{"start":{"line":39,"column":37},"end":{"line":49,"column":3}},"line":39},"4":{"name":"(anonymous_4)","decl":{"start":{"line":52,"column":19},"end":{"line":52,"column":20}},"loc":{"start":{"line":52,"column":31},"end":{"line":59,"column":3}},"line":52},"5":{"name":"(anonymous_5)","decl":{"start":{"line":61,"column":12},"end":{"line":61,"column":13}},"loc":{"start":{"line":61,"column":18},"end":{"line":64,"column":3}},"line":61},"6":{"name":"(anonymous_6)","decl":{"start":{"line":66,"column":19},"end":{"line":66,"column":20}},"loc":{"start":{"line":66,"column":31},"end":{"line":76,"column":3}},"line":66},"7":{"name":"(anonymous_7)","decl":{"start":{"line":79,"column":23},"end":{"line":79,"column":24}},"loc":{"start":{"line":79,"column":38},"end":{"line":87,"column":3}},"line":79},"8":{"name":"(anonymous_8)","decl":{"start":{"line":84,"column":23},"end":{"line":84,"column":24}},"loc":{"start":{"line":84,"column":30},"end":{"line":84,"column":38}},"line":84},"9":{"name":"(anonymous_9)","decl":{"start":{"line":88,"column":12},"end":{"line":88,"column":13}},"loc":{"start":{"line":88,"column":18},"end":{"line":90,"column":3}},"line":88},"10":{"name":"(anonymous_10)","decl":{"start":{"line":92,"column":12},"end":{"line":92,"column":13}},"loc":{"start":{"line":92,"column":18},"end":{"line":94,"column":3}},"line":92},"11":{"name":"(anonymous_11)","decl":{"start":{"line":97,"column":24},"end":{"line":97,"column":25}},"loc":{"start":{"line":97,"column":36},"end":{"line":107,"column":3}},"line":97},"12":{"name":"(anonymous_12)","decl":{"start":{"line":122,"column":29},"end":{"line":122,"column":30}},"loc":{"start":{"line":123,"column":14},"end":{"line":127,"column":25}},"line":123},"13":{"name":"(anonymous_13)","decl":{"start":{"line":125,"column":26},"end":{"line":125,"column":27}},"loc":{"start":{"line":125,"column":33},"end":{"line":125,"column":70}},"line":125},"14":{"name":"(anonymous_14)","decl":{"start":{"line":133,"column":35},"end":{"line":133,"column":36}},"loc":{"start":{"line":133,"column":42},"end":{"line":133,"column":66}},"line":133},"15":{"name":"(anonymous_15)","decl":{"start":{"line":134,"column":27},"end":{"line":134,"column":28}},"loc":{"start":{"line":135,"column":16},"end":{"line":137,"column":22}},"line":135},"16":{"name":"(anonymous_16)","decl":{"start":{"line":144,"column":23},"end":{"line":144,"column":24}},"loc":{"start":{"line":144,"column":29},"end":{"line":144,"column":53}},"line":144},"17":{"name":"(anonymous_17)","decl":{"start":{"line":152,"column":27},"end":{"line":152,"column":28}},"loc":{"start":{"line":153,"column":14},"end":{"line":192,"column":20}},"line":153},"18":{"name":"(anonymous_18)","decl":{"start":{"line":175,"column":31},"end":{"line":175,"column":32}},"loc":{"start":{"line":175,"column":37},"end":{"line":175,"column":67}},"line":175},"19":{"name":"(anonymous_19)","decl":{"start":{"line":180,"column":31},"end":{"line":180,"column":32}},"loc":{"start":{"line":180,"column":37},"end":{"line":187,"column":23}},"line":180},"20":{"name":"(anonymous_20)","decl":{"start":{"line":199,"column":25},"end":{"line":199,"column":26}},"loc":{"start":{"line":199,"column":32},"end":{"line":202,"column":17}},"line":199}},"branchMap":{"0":{"loc":{"start":{"line":26,"column":6},"end":{"line":28,"column":7}},"type":"if","locations":[{"start":{"line":26,"column":6},"end":{"line":28,"column":7}},{"start":{},"end":{}}],"line":26},"1":{"loc":{"start":{"line":62,"column":4},"end":{"line":62,"column":27}},"type":"if","locations":[{"start":{"line":62,"column":4},"end":{"line":62,"column":27}},{"start":{},"end":{}}],"line":62},"2":{"loc":{"start":{"line":81,"column":4},"end":{"line":85,"column":5}},"type":"if","locations":[{"start":{"line":81,"column":4},"end":{"line":85,"column":5}},{"start":{"line":83,"column":11},"end":{"line":85,"column":5}}],"line":81},"3":{"loc":{"start":{"line":89,"column":4},"end":{"line":89,"column":59}},"type":"if","locations":[{"start":{"line":89,"column":4},"end":{"line":89,"column":59}},{"start":{},"end":{}}],"line":89},"4":{"loc":{"start":{"line":89,"column":8},"end":{"line":89,"column":40}},"type":"binary-expr","locations":[{"start":{"line":89,"column":8},"end":{"line":89,"column":23}},{"start":{"line":89,"column":27},"end":{"line":89,"column":40}}],"line":89},"5":{"loc":{"start":{"line":93,"column":4},"end":{"line":93,"column":56}},"type":"if","locations":[{"start":{"line":93,"column":4},"end":{"line":93,"column":56}},{"start":{},"end":{}}],"line":93},"6":{"loc":{"start":{"line":93,"column":8},"end":{"line":93,"column":38}},"type":"binary-expr","locations":[{"start":{"line":93,"column":8},"end":{"line":93,"column":22}},{"start":{"line":93,"column":26},"end":{"line":93,"column":38}}],"line":93},"7":{"loc":{"start":{"line":196,"column":13},"end":{"line":205,"column":13}},"type":"binary-expr","locations":[{"start":{"line":196,"column":13},"end":{"line":196,"column":21}},{"start":{"line":196,"column":25},"end":{"line":196,"column":48}},{"start":{"line":197,"column":14},"end":{"line":204,"column":23}}],"line":196},"8":{"loc":{"start":{"line":203,"column":17},"end":{"line":203,"column":56}},"type":"cond-expr","locations":[{"start":{"line":203,"column":27},"end":{"line":203,"column":40}},{"start":{"line":203,"column":43},"end":{"line":203,"column":56}}],"line":203}},"s":{"0":0,"1":0,"2":0,"3":0,"4":0,"5":0,"6":0,"7":0,"8":0,"9":0,"10":0,"11":0,"12":0,"13":0,"14":0,"15":0,"16":0,"17":0,"18":0,"19":0,"20":0,"21":0,"22":0,"23":0,"24":0,"25":0,"26":0,"27":0,"28":0,"29":0,"30":0,"31":0,"32":0,"33":0,"34":0,"35":0,"36":0,"37":0,"38":0,"39":0,"40":0,"41":0,"42":0,"43":0,"44":0,"45":0,"46":0,"47":0,"48":0,"49":0,"50":0,"51":0,"52":0,"53":0,"54":0,"55":0,"56":0,"57":0,"58":0,"59":0,"60":0,"61":0,"62":0,"63":0,"64":0,"65":0,"66":0,"67":0,"68":0,"69":0,"70":0,"71":0,"72":0,"73":0,"74":0},"f":{"0":0,"1":0,"2":0,"3":0,"4":0,"5":0,"6":0,"7":0,"8":0,"9":0,"10":0,"11":0,"12":0,"13":0,"14":0,"15":0,"16":0,"17":0,"18":0,"19":0,"20":0},"b":{"0":[0,0],"1":[0,0],"2":[0,0],"3":[0,0],"4":[0,0],"5":[0,0],"6":[0,0],"7":[0,0,0],"8":[0,0]}}
,"C:\\Users\\admin\\Downloads\\cs4218-2420-ecom-project-team01\\client\\src\\pages\\Pagenotfound.js": {"path":"C:\\Users\\admin\\Downloads\\cs4218-2420-ecom-project-team01\\client\\src\\pages\\Pagenotfound.js","statementMap":{"0":{"start":{"line":5,"column":21},"end":{"line":17,"column":1}},"1":{"start":{"line":6,"column":2},"end":{"line":16,"column":4}}},"fnMap":{"0":{"name":"(anonymous_0)","decl":{"start":{"line":5,"column":21},"end":{"line":5,"column":22}},"loc":{"start":{"line":5,"column":27},"end":{"line":17,"column":1}},"line":5}},"branchMap":{},"s":{"0":0,"1":0},"f":{"0":0},"b":{}}
,"C:\\Users\\admin\\Downloads\\cs4218-2420-ecom-project-team01\\client\\src\\pages\\Policy.js": {"path":"C:\\Users\\admin\\Downloads\\cs4218-2420-ecom-project-team01\\client\\src\\pages\\Policy.js","statementMap":{"0":{"start":{"line":4,"column":15},"end":{"line":27,"column":1}},"1":{"start":{"line":5,"column":2},"end":{"line":26,"column":4}}},"fnMap":{"0":{"name":"(anonymous_0)","decl":{"start":{"line":4,"column":15},"end":{"line":4,"column":16}},"loc":{"start":{"line":4,"column":21},"end":{"line":27,"column":1}},"line":4}},"branchMap":{},"s":{"0":0,"1":0},"f":{"0":0},"b":{}}
,"C:\\Users\\admin\\Downloads\\cs4218-2420-ecom-project-team01\\client\\src\\pages\\ProductDetails.js": {"path":"C:\\Users\\admin\\Downloads\\cs4218-2420-ecom-project-team01\\client\\src\\pages\\ProductDetails.js","statementMap":{"0":{"start":{"line":9,"column":23},"end":{"line":141,"column":1}},"1":{"start":{"line":10,"column":17},"end":{"line":10,"column":28}},"2":{"start":{"line":11,"column":19},"end":{"line":11,"column":32}},"3":{"start":{"line":12,"column":32},"end":{"line":12,"column":44}},"4":{"start":{"line":13,"column":48},"end":{"line":13,"column":60}},"5":{"start":{"line":14,"column":26},"end":{"line":14,"column":35}},"6":{"start":{"line":17,"column":2},"end":{"line":19,"column":21}},"7":{"start":{"line":18,"column":4},"end":{"line":18,"column":35}},"8":{"start":{"line":18,"column":22},"end":{"line":18,"column":35}},"9":{"start":{"line":21,"column":21},"end":{"line":36,"column":3}},"10":{"start":{"line":22,"column":4},"end":{"line":35,"column":5}},"11":{"start":{"line":23,"column":23},"end":{"line":25,"column":7}},"12":{"start":{"line":26,"column":6},"end":{"line":30,"column":7}},"13":{"start":{"line":27,"column":8},"end":{"line":27,"column":42}},"14":{"start":{"line":28,"column":8},"end":{"line":28,"column":40}},"15":{"start":{"line":29,"column":8},"end":{"line":29,"column":15}},"16":{"start":{"line":31,"column":6},"end":{"line":31,"column":32}},"17":{"start":{"line":32,"column":6},"end":{"line":32,"column":71}},"18":{"start":{"line":34,"column":6},"end":{"line":34,"column":25}},"19":{"start":{"line":38,"column":28},"end":{"line":47,"column":3}},"20":{"start":{"line":39,"column":4},"end":{"line":46,"column":5}},"21":{"start":{"line":40,"column":23},"end":{"line":42,"column":7}},"22":{"start":{"line":43,"column":6},"end":{"line":43,"column":41}},"23":{"start":{"line":45,"column":6},"end":{"line":45,"column":25}},"24":{"start":{"line":49,"column":26},"end":{"line":53,"column":3}},"25":{"start":{"line":50,"column":4},"end":{"line":50,"column":32}},"26":{"start":{"line":51,"column":4},"end":{"line":51,"column":69}},"27":{"start":{"line":52,"column":4},"end":{"line":52,"column":40}},"28":{"start":{"line":55,"column":2},"end":{"line":140,"column":4}},"29":{"start":{"line":85,"column":27},"end":{"line":85,"column":51}},"30":{"start":{"line":98,"column":12},"end":{"line":135,"column":18}},"31":{"start":{"line":124,"column":35},"end":{"line":124,"column":65}},"32":{"start":{"line":130,"column":35},"end":{"line":130,"column":53}}},"fnMap":{"0":{"name":"(anonymous_0)","decl":{"start":{"line":9,"column":23},"end":{"line":9,"column":24}},"loc":{"start":{"line":9,"column":29},"end":{"line":141,"column":1}},"line":9},"1":{"name":"(anonymous_1)","decl":{"start":{"line":17,"column":12},"end":{"line":17,"column":13}},"loc":{"start":{"line":17,"column":18},"end":{"line":19,"column":3}},"line":17},"2":{"name":"(anonymous_2)","decl":{"start":{"line":21,"column":21},"end":{"line":21,"column":22}},"loc":{"start":{"line":21,"column":33},"end":{"line":36,"column":3}},"line":21},"3":{"name":"(anonymous_3)","decl":{"start":{"line":38,"column":28},"end":{"line":38,"column":29}},"loc":{"start":{"line":38,"column":48},"end":{"line":47,"column":3}},"line":38},"4":{"name":"(anonymous_4)","decl":{"start":{"line":49,"column":26},"end":{"line":49,"column":27}},"loc":{"start":{"line":49,"column":45},"end":{"line":53,"column":3}},"line":49},"5":{"name":"(anonymous_5)","decl":{"start":{"line":85,"column":21},"end":{"line":85,"column":22}},"loc":{"start":{"line":85,"column":27},"end":{"line":85,"column":51}},"line":85},"6":{"name":"(anonymous_6)","decl":{"start":{"line":97,"column":32},"end":{"line":97,"column":33}},"loc":{"start":{"line":98,"column":12},"end":{"line":135,"column":18}},"line":98},"7":{"name":"(anonymous_7)","decl":{"start":{"line":124,"column":29},"end":{"line":124,"column":30}},"loc":{"start":{"line":124,"column":35},"end":{"line":124,"column":65}},"line":124},"8":{"name":"(anonymous_8)","decl":{"start":{"line":130,"column":29},"end":{"line":130,"column":30}},"loc":{"start":{"line":130,"column":35},"end":{"line":130,"column":53}},"line":130}},"branchMap":{"0":{"loc":{"start":{"line":18,"column":4},"end":{"line":18,"column":35}},"type":"if","locations":[{"start":{"line":18,"column":4},"end":{"line":18,"column":35}},{"start":{},"end":{}}],"line":18},"1":{"loc":{"start":{"line":26,"column":6},"end":{"line":30,"column":7}},"type":"if","locations":[{"start":{"line":26,"column":6},"end":{"line":30,"column":7}},{"start":{},"end":{}}],"line":26},"2":{"loc":{"start":{"line":59,"column":11},"end":{"line":67,"column":11}},"type":"binary-expr","locations":[{"start":{"line":59,"column":11},"end":{"line":59,"column":22}},{"start":{"line":60,"column":12},"end":{"line":66,"column":14}}],"line":59},"3":{"loc":{"start":{"line":93,"column":9},"end":{"line":95,"column":9}},"type":"binary-expr","locations":[{"start":{"line":93,"column":9},"end":{"line":93,"column":35}},{"start":{"line":94,"column":10},"end":{"line":94,"column":66}}],"line":93}},"s":{"0":1,"1":21,"2":21,"3":21,"4":21,"5":21,"6":21,"7":12,"8":11,"9":21,"10":11,"11":11,"12":10,"13":1,"14":1,"15":1,"16":9,"17":9,"18":1,"19":21,"20":9,"21":9,"22":8,"23":1,"24":21,"25":4,"26":4,"27":4,"28":21,"29":2,"30":8,"31":1,"32":2},"f":{"0":21,"1":12,"2":11,"3":9,"4":4,"5":2,"6":8,"7":1,"8":2},"b":{"0":[11,1],"1":[1,9],"2":[21,9],"3":[21,17]},"_coverageSchema":"1a1c01bbd47fc00a2c39e90264f33305004495a9","hash":"f7909cd6087a86e1d35bdf6efc4fb2acd4ed3f6c"}
,"C:\\Users\\admin\\Downloads\\cs4218-2420-ecom-project-team01\\client\\src\\pages\\Search.js": {"path":"C:\\Users\\admin\\Downloads\\cs4218-2420-ecom-project-team01\\client\\src\\pages\\Search.js","statementMap":{"0":{"start":{"line":4,"column":15},"end":{"line":40,"column":1}},"1":{"start":{"line":5,"column":30},"end":{"line":5,"column":41}},"2":{"start":{"line":6,"column":2},"end":{"line":39,"column":4}},"3":{"start":{"line":18,"column":14},"end":{"line":33,"column":20}}},"fnMap":{"0":{"name":"(anonymous_0)","decl":{"start":{"line":4,"column":15},"end":{"line":4,"column":16}},"loc":{"start":{"line":4,"column":21},"end":{"line":40,"column":1}},"line":4},"1":{"name":"(anonymous_1)","decl":{"start":{"line":17,"column":33},"end":{"line":17,"column":34}},"loc":{"start":{"line":18,"column":14},"end":{"line":33,"column":20}},"line":18}},"branchMap":{"0":{"loc":{"start":{"line":12,"column":13},"end":{"line":14,"column":49}},"type":"cond-expr","locations":[{"start":{"line":13,"column":16},"end":{"line":13,"column":35}},{"start":{"line":14,"column":16},"end":{"line":14,"column":49}}],"line":12}},"s":{"0":0,"1":0,"2":0,"3":0},"f":{"0":0,"1":0},"b":{"0":[0,0]}}
,"C:\\Users\\admin\\Downloads\\cs4218-2420-ecom-project-team01\\client\\src\\pages\\Auth\\Login.js": {"path":"C:\\Users\\admin\\Downloads\\cs4218-2420-ecom-project-team01\\client\\src\\pages\\Auth\\Login.js","statementMap":{"0":{"start":{"line":9,"column":14},"end":{"line":99,"column":1}},"1":{"start":{"line":10,"column":28},"end":{"line":10,"column":40}},"2":{"start":{"line":11,"column":34},"end":{"line":11,"column":46}},"3":{"start":{"line":12,"column":26},"end":{"line":12,"column":35}},"4":{"start":{"line":15,"column":19},"end":{"line":15,"column":32}},"5":{"start":{"line":16,"column":19},"end":{"line":16,"column":32}},"6":{"start":{"line":20,"column":23},"end":{"line":50,"column":3}},"7":{"start":{"line":21,"column":4},"end":{"line":21,"column":23}},"8":{"start":{"line":22,"column":4},"end":{"line":49,"column":5}},"9":{"start":{"line":23,"column":18},"end":{"line":26,"column":8}},"10":{"start":{"line":27,"column":6},"end":{"line":45,"column":7}},"11":{"start":{"line":28,"column":8},"end":{"line":35,"column":13}},"12":{"start":{"line":36,"column":8},"end":{"line":40,"column":11}},"13":{"start":{"line":41,"column":8},"end":{"line":41,"column":63}},"14":{"start":{"line":42,"column":8},"end":{"line":42,"column":40}},"15":{"start":{"line":44,"column":8},"end":{"line":44,"column":38}},"16":{"start":{"line":47,"column":6},"end":{"line":47,"column":25}},"17":{"start":{"line":48,"column":6},"end":{"line":48,"column":42}},"18":{"start":{"line":51,"column":2},"end":{"line":98,"column":4}},"19":{"start":{"line":62,"column":31},"end":{"line":62,"column":55}},"20":{"start":{"line":73,"column":31},"end":{"line":73,"column":58}},"21":{"start":{"line":85,"column":16},"end":{"line":85,"column":45}}},"fnMap":{"0":{"name":"(anonymous_0)","decl":{"start":{"line":9,"column":14},"end":{"line":9,"column":15}},"loc":{"start":{"line":9,"column":20},"end":{"line":99,"column":1}},"line":9},"1":{"name":"(anonymous_1)","decl":{"start":{"line":20,"column":23},"end":{"line":20,"column":24}},"loc":{"start":{"line":20,"column":36},"end":{"line":50,"column":3}},"line":20},"2":{"name":"(anonymous_2)","decl":{"start":{"line":62,"column":24},"end":{"line":62,"column":25}},"loc":{"start":{"line":62,"column":31},"end":{"line":62,"column":55}},"line":62},"3":{"name":"(anonymous_3)","decl":{"start":{"line":73,"column":24},"end":{"line":73,"column":25}},"loc":{"start":{"line":73,"column":31},"end":{"line":73,"column":58}},"line":73},"4":{"name":"(anonymous_4)","decl":{"start":{"line":84,"column":23},"end":{"line":84,"column":24}},"loc":{"start":{"line":84,"column":29},"end":{"line":86,"column":15}},"line":84}},"branchMap":{"0":{"loc":{"start":{"line":27,"column":6},"end":{"line":45,"column":7}},"type":"if","locations":[{"start":{"line":27,"column":6},"end":{"line":45,"column":7}},{"start":{"line":43,"column":13},"end":{"line":45,"column":7}}],"line":27},"1":{"loc":{"start":{"line":27,"column":10},"end":{"line":27,"column":33}},"type":"binary-expr","locations":[{"start":{"line":27,"column":10},"end":{"line":27,"column":13}},{"start":{"line":27,"column":17},"end":{"line":27,"column":33}}],"line":27},"2":{"loc":{"start":{"line":28,"column":22},"end":{"line":28,"column":50}},"type":"binary-expr","locations":[{"start":{"line":28,"column":22},"end":{"line":28,"column":30}},{"start":{"line":28,"column":34},"end":{"line":28,"column":50}}],"line":28},"3":{"loc":{"start":{"line":42,"column":17},"end":{"line":42,"column":38}},"type":"binary-expr","locations":[{"start":{"line":42,"column":17},"end":{"line":42,"column":31}},{"start":{"line":42,"column":35},"end":{"line":42,"column":38}}],"line":42}},"s":{"0":1,"1":18,"2":18,"3":18,"4":18,"5":18,"6":18,"7":3,"8":3,"9":3,"10":2,"11":1,"12":1,"13":1,"14":1,"15":1,"16":1,"17":1,"18":18,"19":5,"20":5,"21":1},"f":{"0":18,"1":3,"2":5,"3":5,"4":1},"b":{"0":[1,1],"1":[2,2],"2":[1,1],"3":[1,1]},"_coverageSchema":"1a1c01bbd47fc00a2c39e90264f33305004495a9","hash":"4f95a78664be068e84a15ab4a29ae4ce8d5ee0e0"}
,"C:\\Users\\admin\\Downloads\\cs4218-2420-ecom-project-team01\\client\\src\\pages\\Auth\\Register.js": {"path":"C:\\Users\\admin\\Downloads\\cs4218-2420-ecom-project-team01\\client\\src\\pages\\Auth\\Register.js","statementMap":{"0":{"start":{"line":7,"column":17},"end":{"line":132,"column":1}},"1":{"start":{"line":8,"column":26},"end":{"line":8,"column":38}},"2":{"start":{"line":9,"column":28},"end":{"line":9,"column":40}},"3":{"start":{"line":10,"column":34},"end":{"line":10,"column":46}},"4":{"start":{"line":11,"column":28},"end":{"line":11,"column":40}},"5":{"start":{"line":12,"column":32},"end":{"line":12,"column":44}},"6":{"start":{"line":13,"column":24},"end":{"line":13,"column":36}},"7":{"start":{"line":14,"column":30},"end":{"line":14,"column":42}},"8":{"start":{"line":15,"column":19},"end":{"line":15,"column":32}},"9":{"start":{"line":18,"column":23},"end":{"line":40,"column":3}},"10":{"start":{"line":19,"column":4},"end":{"line":19,"column":23}},"11":{"start":{"line":20,"column":4},"end":{"line":39,"column":5}},"12":{"start":{"line":21,"column":18},"end":{"line":29,"column":8}},"13":{"start":{"line":30,"column":6},"end":{"line":35,"column":7}},"14":{"start":{"line":31,"column":8},"end":{"line":31,"column":61}},"15":{"start":{"line":32,"column":8},"end":{"line":32,"column":27}},"16":{"start":{"line":34,"column":8},"end":{"line":34,"column":38}},"17":{"start":{"line":37,"column":6},"end":{"line":37,"column":25}},"18":{"start":{"line":38,"column":6},"end":{"line":38,"column":42}},"19":{"start":{"line":42,"column":2},"end":{"line":131,"column":4}},"20":{"start":{"line":51,"column":31},"end":{"line":51,"column":54}},"21":{"start":{"line":63,"column":31},"end":{"line":63,"column":55}},"22":{"start":{"line":74,"column":31},"end":{"line":74,"column":58}},"23":{"start":{"line":85,"column":31},"end":{"line":85,"column":55}},"24":{"start":{"line":96,"column":31},"end":{"line":96,"column":57}},"25":{"start":{"line":107,"column":31},"end":{"line":107,"column":53}},"26":{"start":{"line":118,"column":31},"end":{"line":118,"column":56}}},"fnMap":{"0":{"name":"(anonymous_0)","decl":{"start":{"line":7,"column":17},"end":{"line":7,"column":18}},"loc":{"start":{"line":7,"column":23},"end":{"line":132,"column":1}},"line":7},"1":{"name":"(anonymous_1)","decl":{"start":{"line":18,"column":23},"end":{"line":18,"column":24}},"loc":{"start":{"line":18,"column":36},"end":{"line":40,"column":3}},"line":18},"2":{"name":"(anonymous_2)","decl":{"start":{"line":51,"column":24},"end":{"line":51,"column":25}},"loc":{"start":{"line":51,"column":31},"end":{"line":51,"column":54}},"line":51},"3":{"name":"(anonymous_3)","decl":{"start":{"line":63,"column":24},"end":{"line":63,"column":25}},"loc":{"start":{"line":63,"column":31},"end":{"line":63,"column":55}},"line":63},"4":{"name":"(anonymous_4)","decl":{"start":{"line":74,"column":24},"end":{"line":74,"column":25}},"loc":{"start":{"line":74,"column":31},"end":{"line":74,"column":58}},"line":74},"5":{"name":"(anonymous_5)","decl":{"start":{"line":85,"column":24},"end":{"line":85,"column":25}},"loc":{"start":{"line":85,"column":31},"end":{"line":85,"column":55}},"line":85},"6":{"name":"(anonymous_6)","decl":{"start":{"line":96,"column":24},"end":{"line":96,"column":25}},"loc":{"start":{"line":96,"column":31},"end":{"line":96,"column":57}},"line":96},"7":{"name":"(anonymous_7)","decl":{"start":{"line":107,"column":24},"end":{"line":107,"column":25}},"loc":{"start":{"line":107,"column":31},"end":{"line":107,"column":53}},"line":107},"8":{"name":"(anonymous_8)","decl":{"start":{"line":118,"column":24},"end":{"line":118,"column":25}},"loc":{"start":{"line":118,"column":31},"end":{"line":118,"column":56}},"line":118}},"branchMap":{"0":{"loc":{"start":{"line":30,"column":6},"end":{"line":35,"column":7}},"type":"if","locations":[{"start":{"line":30,"column":6},"end":{"line":35,"column":7}},{"start":{"line":33,"column":13},"end":{"line":35,"column":7}}],"line":30},"1":{"loc":{"start":{"line":30,"column":10},"end":{"line":30,"column":33}},"type":"binary-expr","locations":[{"start":{"line":30,"column":10},"end":{"line":30,"column":13}},{"start":{"line":30,"column":17},"end":{"line":30,"column":33}}],"line":30}},"s":{"0":1,"1":24,"2":24,"3":24,"4":24,"5":24,"6":24,"7":24,"8":24,"9":24,"10":3,"11":3,"12":3,"13":2,"14":1,"15":1,"16":1,"17":1,"18":1,"19":24,"20":3,"21":3,"22":3,"23":3,"24":3,"25":3,"26":3},"f":{"0":24,"1":3,"2":3,"3":3,"4":3,"5":3,"6":3,"7":3,"8":3},"b":{"0":[1,1],"1":[2,2]},"_coverageSchema":"1a1c01bbd47fc00a2c39e90264f33305004495a9","hash":"dd367abfa817fc850d16eff4785b9902d8bc4a66"}
,"C:\\Users\\admin\\Downloads\\cs4218-2420-ecom-project-team01\\client\\src\\pages\\admin\\AdminDashboard.js": {"path":"C:\\Users\\admin\\Downloads\\cs4218-2420-ecom-project-team01\\client\\src\\pages\\admin\\AdminDashboard.js","statementMap":{"0":{"start":{"line":5,"column":23},"end":{"line":25,"column":1}},"1":{"start":{"line":6,"column":17},"end":{"line":6,"column":26}},"2":{"start":{"line":7,"column":2},"end":{"line":24,"column":4}}},"fnMap":{"0":{"name":"(anonymous_0)","decl":{"start":{"line":5,"column":23},"end":{"line":5,"column":24}},"loc":{"start":{"line":5,"column":29},"end":{"line":25,"column":1}},"line":5}},"branchMap":{},"s":{"0":0,"1":0,"2":0},"f":{"0":0},"b":{}}
,"C:\\Users\\admin\\Downloads\\cs4218-2420-ecom-project-team01\\client\\src\\pages\\admin\\AdminOrders.js": {"path":"C:\\Users\\admin\\Downloads\\cs4218-2420-ecom-project-team01\\client\\src\\pages\\admin\\AdminOrders.js","statementMap":{"0":{"start":{"line":9,"column":19},"end":{"line":9,"column":25}},"1":{"start":{"line":11,"column":20},"end":{"line":117,"column":1}},"2":{"start":{"line":12,"column":30},"end":{"line":18,"column":4}},"3":{"start":{"line":19,"column":42},"end":{"line":19,"column":54}},"4":{"start":{"line":20,"column":30},"end":{"line":20,"column":42}},"5":{"start":{"line":21,"column":26},"end":{"line":21,"column":35}},"6":{"start":{"line":22,"column":20},"end":{"line":29,"column":3}},"7":{"start":{"line":23,"column":4},"end":{"line":28,"column":5}},"8":{"start":{"line":24,"column":23},"end":{"line":24,"column":65}},"9":{"start":{"line":25,"column":6},"end":{"line":25,"column":22}},"10":{"start":{"line":27,"column":6},"end":{"line":27,"column":25}},"11":{"start":{"line":31,"column":2},"end":{"line":33,"column":20}},"12":{"start":{"line":32,"column":4},"end":{"line":32,"column":33}},"13":{"start":{"line":32,"column":21},"end":{"line":32,"column":33}},"14":{"start":{"line":35,"column":23},"end":{"line":44,"column":3}},"15":{"start":{"line":36,"column":4},"end":{"line":43,"column":5}},"16":{"start":{"line":37,"column":23},"end":{"line":39,"column":8}},"17":{"start":{"line":40,"column":6},"end":{"line":40,"column":18}},"18":{"start":{"line":42,"column":6},"end":{"line":42,"column":25}},"19":{"start":{"line":45,"column":2},"end":{"line":116,"column":4}},"20":{"start":{"line":54,"column":12},"end":{"line":111,"column":14}},"21":{"start":{"line":73,"column":47},"end":{"line":73,"column":73}},"22":{"start":{"line":77,"column":28},"end":{"line":79,"column":37}},"23":{"start":{"line":92,"column":20},"end":{"line":107,"column":26}}},"fnMap":{"0":{"name":"(anonymous_0)","decl":{"start":{"line":11,"column":20},"end":{"line":11,"column":21}},"loc":{"start":{"line":11,"column":26},"end":{"line":117,"column":1}},"line":11},"1":{"name":"(anonymous_1)","decl":{"start":{"line":22,"column":20},"end":{"line":22,"column":21}},"loc":{"start":{"line":22,"column":32},"end":{"line":29,"column":3}},"line":22},"2":{"name":"(anonymous_2)","decl":{"start":{"line":31,"column":12},"end":{"line":31,"column":13}},"loc":{"start":{"line":31,"column":18},"end":{"line":33,"column":3}},"line":31},"3":{"name":"(anonymous_3)","decl":{"start":{"line":35,"column":23},"end":{"line":35,"column":24}},"loc":{"start":{"line":35,"column":49},"end":{"line":44,"column":3}},"line":35},"4":{"name":"(anonymous_4)","decl":{"start":{"line":53,"column":23},"end":{"line":53,"column":24}},"loc":{"start":{"line":53,"column":33},"end":{"line":112,"column":11}},"line":53},"5":{"name":"(anonymous_5)","decl":{"start":{"line":73,"column":36},"end":{"line":73,"column":37}},"loc":{"start":{"line":73,"column":47},"end":{"line":73,"column":73}},"line":73},"6":{"name":"(anonymous_6)","decl":{"start":{"line":76,"column":38},"end":{"line":76,"column":39}},"loc":{"start":{"line":77,"column":28},"end":{"line":79,"column":37}},"line":77},"7":{"name":"(anonymous_7)","decl":{"start":{"line":91,"column":36},"end":{"line":91,"column":37}},"loc":{"start":{"line":92,"column":20},"end":{"line":107,"column":26}},"line":92}},"branchMap":{"0":{"loc":{"start":{"line":32,"column":4},"end":{"line":32,"column":33}},"type":"if","locations":[{"start":{"line":32,"column":4},"end":{"line":32,"column":33}},{"start":{},"end":{}}],"line":32},"1":{"loc":{"start":{"line":85,"column":27},"end":{"line":85,"column":68}},"type":"cond-expr","locations":[{"start":{"line":85,"column":48},"end":{"line":85,"column":57}},{"start":{"line":85,"column":60},"end":{"line":85,"column":68}}],"line":85}},"s":{"0":0,"1":0,"2":0,"3":0,"4":0,"5":0,"6":0,"7":0,"8":0,"9":0,"10":0,"11":0,"12":0,"13":0,"14":0,"15":0,"16":0,"17":0,"18":0,"19":0,"20":0,"21":0,"22":0,"23":0},"f":{"0":0,"1":0,"2":0,"3":0,"4":0,"5":0,"6":0,"7":0},"b":{"0":[0,0],"1":[0,0]}}
,"C:\\Users\\admin\\Downloads\\cs4218-2420-ecom-project-team01\\client\\src\\pages\\admin\\CreateCategory.js": {"path":"C:\\Users\\admin\\Downloads\\cs4218-2420-ecom-project-team01\\client\\src\\pages\\admin\\CreateCategory.js","statementMap":{"0":{"start":{"line":8,"column":23},"end":{"line":157,"column":1}},"1":{"start":{"line":9,"column":38},"end":{"line":9,"column":50}},"2":{"start":{"line":10,"column":26},"end":{"line":10,"column":38}},"3":{"start":{"line":11,"column":32},"end":{"line":11,"column":47}},"4":{"start":{"line":12,"column":34},"end":{"line":12,"column":48}},"5":{"start":{"line":13,"column":40},"end":{"line":13,"column":52}},"6":{"start":{"line":15,"column":23},"end":{"line":31,"column":3}},"7":{"start":{"line":16,"column":4},"end":{"line":16,"column":23}},"8":{"start":{"line":17,"column":4},"end":{"line":30,"column":5}},"9":{"start":{"line":18,"column":23},"end":{"line":20,"column":8}},"10":{"start":{"line":21,"column":6},"end":{"line":26,"column":7}},"11":{"start":{"line":22,"column":8},"end":{"line":22,"column":44}},"12":{"start":{"line":23,"column":8},"end":{"line":23,"column":25}},"13":{"start":{"line":25,"column":8},"end":{"line":25,"column":34}},"14":{"start":{"line":28,"column":6},"end":{"line":28,"column":25}},"15":{"start":{"line":29,"column":6},"end":{"line":29,"column":55}},"16":{"start":{"line":34,"column":25},"end":{"line":47,"column":3}},"17":{"start":{"line":35,"column":4},"end":{"line":46,"column":5}},"18":{"start":{"line":36,"column":23},"end":{"line":36,"column":71}},"19":{"start":{"line":37,"column":6},"end":{"line":42,"column":7}},"20":{"start":{"line":38,"column":25},"end":{"line":38,"column":33}},"21":{"start":{"line":39,"column":8},"end":{"line":41,"column":9}},"22":{"start":{"line":40,"column":10},"end":{"line":40,"column":39}},"23":{"start":{"line":44,"column":6},"end":{"line":44,"column":25}},"24":{"start":{"line":45,"column":6},"end":{"line":45,"column":63}},"25":{"start":{"line":49,"column":2},"end":{"line":51,"column":9}},"26":{"start":{"line":50,"column":4},"end":{"line":50,"column":21}},"27":{"start":{"line":54,"column":23},"end":{"line":73,"column":3}},"28":{"start":{"line":55,"column":4},"end":{"line":55,"column":23}},"29":{"start":{"line":56,"column":4},"end":{"line":72,"column":5}},"30":{"start":{"line":57,"column":23},"end":{"line":60,"column":7}},"31":{"start":{"line":61,"column":6},"end":{"line":69,"column":7}},"32":{"start":{"line":62,"column":8},"end":{"line":62,"column":51}},"33":{"start":{"line":63,"column":8},"end":{"line":63,"column":26}},"34":{"start":{"line":64,"column":8},"end":{"line":64,"column":27}},"35":{"start":{"line":65,"column":8},"end":{"line":65,"column":26}},"36":{"start":{"line":66,"column":8},"end":{"line":66,"column":25}},"37":{"start":{"line":68,"column":8},"end":{"line":68,"column":34}},"38":{"start":{"line":71,"column":6},"end":{"line":71,"column":42}},"39":{"start":{"line":75,"column":23},"end":{"line":90,"column":3}},"40":{"start":{"line":76,"column":4},"end":{"line":89,"column":5}},"41":{"start":{"line":77,"column":23},"end":{"line":79,"column":7}},"42":{"start":{"line":80,"column":6},"end":{"line":86,"column":7}},"43":{"start":{"line":81,"column":8},"end":{"line":81,"column":45}},"44":{"start":{"line":83,"column":8},"end":{"line":83,"column":25}},"45":{"start":{"line":85,"column":8},"end":{"line":85,"column":34}},"46":{"start":{"line":88,"column":6},"end":{"line":88,"column":42}},"47":{"start":{"line":91,"column":2},"end":{"line":156,"column":4}},"48":{"start":{"line":117,"column":22},"end":{"line":139,"column":27}},"49":{"start":{"line":123,"column":30},"end":{"line":123,"column":47}},"50":{"start":{"line":124,"column":30},"end":{"line":124,"column":53}},"51":{"start":{"line":125,"column":30},"end":{"line":125,"column":45}},"52":{"start":{"line":133,"column":30},"end":{"line":133,"column":50}},"53":{"start":{"line":144,"column":35},"end":{"line":144,"column":52}}},"fnMap":{"0":{"name":"(anonymous_0)","decl":{"start":{"line":8,"column":23},"end":{"line":8,"column":24}},"loc":{"start":{"line":8,"column":29},"end":{"line":157,"column":1}},"line":8},"1":{"name":"(anonymous_1)","decl":{"start":{"line":15,"column":23},"end":{"line":15,"column":24}},"loc":{"start":{"line":15,"column":36},"end":{"line":31,"column":3}},"line":15},"2":{"name":"(anonymous_2)","decl":{"start":{"line":34,"column":25},"end":{"line":34,"column":26}},"loc":{"start":{"line":34,"column":37},"end":{"line":47,"column":3}},"line":34},"3":{"name":"(anonymous_3)","decl":{"start":{"line":49,"column":12},"end":{"line":49,"column":13}},"loc":{"start":{"line":49,"column":18},"end":{"line":51,"column":3}},"line":49},"4":{"name":"(anonymous_4)","decl":{"start":{"line":54,"column":23},"end":{"line":54,"column":24}},"loc":{"start":{"line":54,"column":36},"end":{"line":73,"column":3}},"line":54},"5":{"name":"(anonymous_5)","decl":{"start":{"line":75,"column":23},"end":{"line":75,"column":24}},"loc":{"start":{"line":75,"column":38},"end":{"line":90,"column":3}},"line":75},"6":{"name":"(anonymous_6)","decl":{"start":{"line":116,"column":35},"end":{"line":116,"column":36}},"loc":{"start":{"line":117,"column":22},"end":{"line":139,"column":27}},"line":117},"7":{"name":"(anonymous_7)","decl":{"start":{"line":122,"column":37},"end":{"line":122,"column":38}},"loc":{"start":{"line":122,"column":43},"end":{"line":126,"column":29}},"line":122},"8":{"name":"(anonymous_8)","decl":{"start":{"line":132,"column":37},"end":{"line":132,"column":38}},"loc":{"start":{"line":132,"column":43},"end":{"line":134,"column":29}},"line":132},"9":{"name":"(anonymous_9)","decl":{"start":{"line":144,"column":29},"end":{"line":144,"column":30}},"loc":{"start":{"line":144,"column":35},"end":{"line":144,"column":52}},"line":144}},"branchMap":{"0":{"loc":{"start":{"line":21,"column":6},"end":{"line":26,"column":7}},"type":"if","locations":[{"start":{"line":21,"column":6},"end":{"line":26,"column":7}},{"start":{"line":24,"column":13},"end":{"line":26,"column":7}}],"line":21},"1":{"loc":{"start":{"line":37,"column":6},"end":{"line":42,"column":7}},"type":"if","locations":[{"start":{"line":37,"column":6},"end":{"line":42,"column":7}},{"start":{},"end":{}}],"line":37},"2":{"loc":{"start":{"line":39,"column":8},"end":{"line":41,"column":9}},"type":"if","locations":[{"start":{"line":39,"column":8},"end":{"line":41,"column":9}},{"start":{},"end":{}}],"line":39},"3":{"loc":{"start":{"line":61,"column":6},"end":{"line":69,"column":7}},"type":"if","locations":[{"start":{"line":61,"column":6},"end":{"line":69,"column":7}},{"start":{"line":67,"column":13},"end":{"line":69,"column":7}}],"line":61},"4":{"loc":{"start":{"line":80,"column":6},"end":{"line":86,"column":7}},"type":"if","locations":[{"start":{"line":80,"column":6},"end":{"line":86,"column":7}},{"start":{"line":84,"column":13},"end":{"line":86,"column":7}}],"line":80}},"s":{"0":1,"1":36,"2":36,"3":36,"4":36,"5":36,"6":36,"7":3,"8":3,"9":3,"10":2,"11":1,"12":1,"13":1,"14":1,"15":1,"16":36,"17":15,"18":15,"19":14,"20":13,"21":13,"22":13,"23":1,"24":1,"25":36,"26":12,"27":36,"28":3,"29":3,"30":3,"31":2,"32":1,"33":1,"34":1,"35":1,"36":1,"37":1,"38":1,"39":36,"40":3,"41":3,"42":2,"43":1,"44":1,"45":1,"46":1,"47":36,"48":24,"49":4,"50":4,"51":4,"52":3,"53":1},"f":{"0":36,"1":3,"2":15,"3":12,"4":3,"5":3,"6":24,"7":4,"8":3,"9":1},"b":{"0":[1,1],"1":[13,1],"2":[13,0],"3":[1,1],"4":[1,1]},"_coverageSchema":"1a1c01bbd47fc00a2c39e90264f33305004495a9","hash":"8bfd7d74f8b977ad7827ca0cb06d2e44fe497e49"}
,"C:\\Users\\admin\\Downloads\\cs4218-2420-ecom-project-team01\\client\\src\\pages\\admin\\CreateProduct.js": {"path":"C:\\Users\\admin\\Downloads\\cs4218-2420-ecom-project-team01\\client\\src\\pages\\admin\\CreateProduct.js","statementMap":{"0":{"start":{"line":8,"column":19},"end":{"line":8,"column":25}},"1":{"start":{"line":10,"column":22},"end":{"line":215,"column":1}},"2":{"start":{"line":11,"column":19},"end":{"line":11,"column":32}},"3":{"start":{"line":12,"column":38},"end":{"line":12,"column":50}},"4":{"start":{"line":13,"column":26},"end":{"line":13,"column":38}},"5":{"start":{"line":14,"column":40},"end":{"line":14,"column":52}},"6":{"start":{"line":15,"column":28},"end":{"line":15,"column":40}},"7":{"start":{"line":16,"column":34},"end":{"line":16,"column":46}},"8":{"start":{"line":17,"column":34},"end":{"line":17,"column":46}},"9":{"start":{"line":18,"column":34},"end":{"line":18,"column":46}},"10":{"start":{"line":19,"column":28},"end":{"line":19,"column":40}},"11":{"start":{"line":22,"column":25},"end":{"line":35,"column":3}},"12":{"start":{"line":23,"column":4},"end":{"line":34,"column":5}},"13":{"start":{"line":24,"column":23},"end":{"line":24,"column":71}},"14":{"start":{"line":25,"column":6},"end":{"line":30,"column":7}},"15":{"start":{"line":26,"column":8},"end":{"line":26,"column":38}},"16":{"start":{"line":28,"column":8},"end":{"line":28,"column":34}},"17":{"start":{"line":29,"column":8},"end":{"line":29,"column":34}},"18":{"start":{"line":32,"column":6},"end":{"line":32,"column":25}},"19":{"start":{"line":33,"column":6},"end":{"line":33,"column":62}},"20":{"start":{"line":37,"column":2},"end":{"line":39,"column":9}},"21":{"start":{"line":38,"column":4},"end":{"line":38,"column":21}},"22":{"start":{"line":41,"column":19},"end":{"line":63,"column":3}},"23":{"start":{"line":42,"column":4},"end":{"line":53,"column":5}},"24":{"start":{"line":51,"column":6},"end":{"line":51,"column":50}},"25":{"start":{"line":52,"column":6},"end":{"line":52,"column":19}},"26":{"start":{"line":54,"column":4},"end":{"line":57,"column":5}},"27":{"start":{"line":55,"column":6},"end":{"line":55,"column":46}},"28":{"start":{"line":56,"column":6},"end":{"line":56,"column":19}},"29":{"start":{"line":58,"column":4},"end":{"line":61,"column":5}},"30":{"start":{"line":59,"column":6},"end":{"line":59,"column":49}},"31":{"start":{"line":60,"column":6},"end":{"line":60,"column":19}},"32":{"start":{"line":62,"column":4},"end":{"line":62,"column":16}},"33":{"start":{"line":66,"column":23},"end":{"line":96,"column":3}},"34":{"start":{"line":67,"column":4},"end":{"line":67,"column":23}},"35":{"start":{"line":68,"column":4},"end":{"line":70,"column":5}},"36":{"start":{"line":69,"column":6},"end":{"line":69,"column":13}},"37":{"start":{"line":71,"column":4},"end":{"line":95,"column":5}},"38":{"start":{"line":72,"column":26},"end":{"line":72,"column":40}},"39":{"start":{"line":73,"column":6},"end":{"line":73,"column":39}},"40":{"start":{"line":74,"column":6},"end":{"line":74,"column":53}},"41":{"start":{"line":75,"column":6},"end":{"line":75,"column":41}},"42":{"start":{"line":76,"column":6},"end":{"line":76,"column":47}},"43":{"start":{"line":77,"column":6},"end":{"line":77,"column":41}},"44":{"start":{"line":78,"column":6},"end":{"line":78,"column":47}},"45":{"start":{"line":79,"column":6},"end":{"line":79,"column":47}},"46":{"start":{"line":81,"column":23},"end":{"line":84,"column":7}},"47":{"start":{"line":86,"column":6},"end":{"line":91,"column":7}},"48":{"start":{"line":87,"column":8},"end":{"line":87,"column":35}},"49":{"start":{"line":89,"column":8},"end":{"line":89,"column":54}},"50":{"start":{"line":90,"column":8},"end":{"line":90,"column":46}},"51":{"start":{"line":93,"column":6},"end":{"line":93,"column":25}},"52":{"start":{"line":94,"column":6},"end":{"line":94,"column":42}},"53":{"start":{"line":98,"column":2},"end":{"line":214,"column":4}},"54":{"start":{"line":117,"column":18},"end":{"line":117,"column":37}},"55":{"start":{"line":121,"column":18},"end":{"line":123,"column":27}},"56":{"start":{"line":133,"column":37},"end":{"line":133,"column":64}},"57":{"start":{"line":157,"column":35},"end":{"line":157,"column":58}},"58":{"start":{"line":166,"column":35},"end":{"line":166,"column":65}},"59":{"start":{"line":176,"column":35},"end":{"line":176,"column":59}},"60":{"start":{"line":185,"column":35},"end":{"line":185,"column":62}},"61":{"start":{"line":197,"column":20},"end":{"line":197,"column":39}}},"fnMap":{"0":{"name":"(anonymous_0)","decl":{"start":{"line":10,"column":22},"end":{"line":10,"column":23}},"loc":{"start":{"line":10,"column":28},"end":{"line":215,"column":1}},"line":10},"1":{"name":"(anonymous_1)","decl":{"start":{"line":22,"column":25},"end":{"line":22,"column":26}},"loc":{"start":{"line":22,"column":37},"end":{"line":35,"column":3}},"line":22},"2":{"name":"(anonymous_2)","decl":{"start":{"line":37,"column":12},"end":{"line":37,"column":13}},"loc":{"start":{"line":37,"column":18},"end":{"line":39,"column":3}},"line":37},"3":{"name":"(anonymous_3)","decl":{"start":{"line":41,"column":19},"end":{"line":41,"column":20}},"loc":{"start":{"line":41,"column":25},"end":{"line":63,"column":3}},"line":41},"4":{"name":"(anonymous_4)","decl":{"start":{"line":66,"column":23},"end":{"line":66,"column":24}},"loc":{"start":{"line":66,"column":36},"end":{"line":96,"column":3}},"line":66},"5":{"name":"(anonymous_5)","decl":{"start":{"line":116,"column":26},"end":{"line":116,"column":27}},"loc":{"start":{"line":116,"column":37},"end":{"line":118,"column":17}},"line":116},"6":{"name":"(anonymous_6)","decl":{"start":{"line":120,"column":33},"end":{"line":120,"column":34}},"loc":{"start":{"line":121,"column":18},"end":{"line":123,"column":27}},"line":121},"7":{"name":"(anonymous_7)","decl":{"start":{"line":133,"column":30},"end":{"line":133,"column":31}},"loc":{"start":{"line":133,"column":37},"end":{"line":133,"column":64}},"line":133},"8":{"name":"(anonymous_8)","decl":{"start":{"line":157,"column":28},"end":{"line":157,"column":29}},"loc":{"start":{"line":157,"column":35},"end":{"line":157,"column":58}},"line":157},"9":{"name":"(anonymous_9)","decl":{"start":{"line":166,"column":28},"end":{"line":166,"column":29}},"loc":{"start":{"line":166,"column":35},"end":{"line":166,"column":65}},"line":166},"10":{"name":"(anonymous_10)","decl":{"start":{"line":176,"column":28},"end":{"line":176,"column":29}},"loc":{"start":{"line":176,"column":35},"end":{"line":176,"column":59}},"line":176},"11":{"name":"(anonymous_11)","decl":{"start":{"line":185,"column":28},"end":{"line":185,"column":29}},"loc":{"start":{"line":185,"column":35},"end":{"line":185,"column":62}},"line":185},"12":{"name":"(anonymous_12)","decl":{"start":{"line":196,"column":28},"end":{"line":196,"column":29}},"loc":{"start":{"line":196,"column":39},"end":{"line":198,"column":19}},"line":196}},"branchMap":{"0":{"loc":{"start":{"line":25,"column":6},"end":{"line":30,"column":7}},"type":"if","locations":[{"start":{"line":25,"column":6},"end":{"line":30,"column":7}},{"start":{"line":27,"column":13},"end":{"line":30,"column":7}}],"line":25},"1":{"loc":{"start":{"line":42,"column":4},"end":{"line":53,"column":5}},"type":"if","lo
[...]
":62}},"36":{"start":{"line":60,"column":2},"end":{"line":63,"column":9}},"37":{"start":{"line":61,"column":4},"end":{"line":61,"column":23}},"38":{"start":{"line":62,"column":4},"end":{"line":62,"column":21}},"39":{"start":{"line":65,"column":19},"end":{"line":86,"column":3}},"40":{"start":{"line":66,"column":4},"end":{"line":76,"column":5}},"41":{"start":{"line":74,"column":6},"end":{"line":74,"column":50}},"42":{"start":{"line":75,"column":6},"end":{"line":75,"column":19}},"43":{"start":{"line":77,"column":4},"end":{"line":80,"column":5}},"44":{"start":{"line":78,"column":6},"end":{"line":78,"column":46}},"45":{"start":{"line":79,"column":6},"end":{"line":79,"column":19}},"46":{"start":{"line":81,"column":4},"end":{"line":84,"column":5}},"47":{"start":{"line":82,"column":6},"end":{"line":82,"column":49}},"48":{"start":{"line":83,"column":6},"end":{"line":83,"column":19}},"49":{"start":{"line":85,"column":4},"end":{"line":85,"column":16}},"50":{"start":{"line":89,"column":23},"end":{"line":117,"column":3}},"51":{"start":{"line":90,"column":4},"end":{"line":90,"column":23}},"52":{"start":{"line":91,"column":4},"end":{"line":93,"column":5}},"53":{"start":{"line":92,"column":6},"end":{"line":92,"column":13}},"54":{"start":{"line":94,"column":4},"end":{"line":116,"column":5}},"55":{"start":{"line":95,"column":26},"end":{"line":95,"column":40}},"56":{"start":{"line":96,"column":6},"end":{"line":96,"column":39}},"57":{"start":{"line":97,"column":6},"end":{"line":97,"column":53}},"58":{"start":{"line":98,"column":6},"end":{"line":98,"column":41}},"59":{"start":{"line":99,"column":6},"end":{"line":99,"column":47}},"60":{"start":{"line":100,"column":6},"end":{"line":100,"column":50}},"61":{"start":{"line":101,"column":6},"end":{"line":101,"column":47}},"62":{"start":{"line":102,"column":6},"end":{"line":102,"column":47}},"63":{"start":{"line":103,"column":23},"end":{"line":106,"column":7}},"64":{"start":{"line":107,"column":6},"end":{"line":112,"column":7}},"65":{"start":{"line":108,"column":8},"end":{"line":108,"column":35}},"66":{"start":{"line":110,"column":8},"end":{"line":110,"column":54}},"67":{"start":{"line":111,"column":8},"end":{"line":111,"column":46}},"68":{"start":{"line":114,"column":6},"end":{"line":114,"column":25}},"69":{"start":{"line":115,"column":6},"end":{"line":115,"column":42}},"70":{"start":{"line":120,"column":23},"end":{"line":136,"column":3}},"71":{"start":{"line":121,"column":4},"end":{"line":135,"column":5}},"72":{"start":{"line":122,"column":19},"end":{"line":122,"column":79}},"73":{"start":{"line":123,"column":6},"end":{"line":123,"column":26}},"74":{"start":{"line":123,"column":19},"end":{"line":123,"column":26}},"75":{"start":{"line":124,"column":23},"end":{"line":126,"column":7}},"76":{"start":{"line":127,"column":6},"end":{"line":129,"column":7}},"77":{"start":{"line":128,"column":8},"end":{"line":128,"column":41}},"78":{"start":{"line":130,"column":6},"end":{"line":130,"column":52}},"79":{"start":{"line":131,"column":6},"end":{"line":131,"column":44}},"80":{"start":{"line":133,"column":6},"end":{"line":133,"column":42}},"81":{"start":{"line":134,"column":6},"end":{"line":134,"column":25}},"82":{"start":{"line":137,"column":2},"end":{"line":270,"column":4}},"83":{"start":{"line":155,"column":18},"end":{"line":155,"column":37}},"84":{"start":{"line":159,"column":18},"end":{"line":161,"column":27}},"85":{"start":{"line":172,"column":37},"end":{"line":172,"column":64}},"86":{"start":{"line":208,"column":35},"end":{"line":208,"column":58}},"87":{"start":{"line":217,"column":35},"end":{"line":217,"column":65}},"88":{"start":{"line":227,"column":35},"end":{"line":227,"column":59}},"89":{"start":{"line":236,"column":35},"end":{"line":236,"column":62}},"90":{"start":{"line":248,"column":20},"end":{"line":248,"column":47}}},"fnMap":{"0":{"name":"(anonymous_0)","decl":{"start":{"line":10,"column":22},"end":{"line":10,"column":23}},"loc":{"start":{"line":10,"column":28},"end":{"line":271,"column":1}},"line":10},"1":{"name":"(anonymous_1)","decl":{"start":{"line":24,"column":27},"end":{"line":24,"column":28}},"loc":{"start":{"line":24,"column":39},"end":{"line":44,"column":3}},"line":24},"2":{"name":"(anonymous_2)","decl":{"start":{"line":46,"column":25},"end":{"line":46,"column":26}},"loc":{"start":{"line":46,"column":37},"end":{"line":58,"column":3}},"line":46},"3":{"name":"(anonymous_3)","decl":{"start":{"line":60,"column":12},"end":{"line":60,"column":13}},"loc":{"start":{"line":60,"column":18},"end":{"line":63,"column":3}},"line":60},"4":{"name":"(anonymous_4)","decl":{"start":{"line":65,"column":19},"end":{"line":65,"column":20}},"loc":{"start":{"line":65,"column":25},"end":{"line":86,"column":3}},"line":65},"5":{"name":"(anonymous_5)","decl":{"start":{"line":89,"column":23},"end":{"line":89,"column":24}},"loc":{"start":{"line":89,"column":36},"end":{"line":117,"column":3}},"line":89},"6":{"name":"(anonymous_6)","decl":{"start":{"line":120,"column":23},"end":{"line":120,"column":24}},"loc":{"start":{"line":120,"column":35},"end":{"line":136,"column":3}},"line":120},"7":{"name":"(anonymous_7)","decl":{"start":{"line":154,"column":26},"end":{"line":154,"column":27}},"loc":{"start":{"line":154,"column":37},"end":{"line":156,"column":17}},"line":154},"8":{"name":"(anonymous_8)","decl":{"start":{"line":158,"column":33},"end":{"line":158,"column":34}},"loc":{"start":{"line":159,"column":18},"end":{"line":161,"column":27}},"line":159},"9":{"name":"(anonymous_9)","decl":{"start":{"line":172,"column":30},"end":{"line":172,"column":31}},"loc":{"start":{"line":172,"column":37},"end":{"line":172,"column":64}},"line":172},"10":{"name":"(anonymous_10)","decl":{"start":{"line":208,"column":28},"end":{"line":208,"column":29}},"loc":{"start":{"line":208,"column":35},"end":{"line":208,"column":58}},"line":208},"11":{"name":"(anonymous_11)","decl":{"start":{"line":217,"column":28},"end":{"line":217,"column":29}},"loc":{"start":{"line":217,"column":35},"end":{"line":217,"column":65}},"line":217},"12":{"name":"(anonymous_12)","decl":{"start":{"line":227,"column":28},"end":{"line":227,"column":29}},"loc":{"start":{"line":227,"column":35},"end":{"line":227,"column":59}},"line":227},"13":{"name":"(anonymous_13)","decl":{"start":{"line":236,"column":28},"end":{"line":236,"column":29}},"loc":{"start":{"line":236,"column":35},"end":{"line":236,"column":62}},"line":236},"14":{"name":"(anonymous_14)","decl":{"start":{"line":247,"column":28},"end":{"line":247,"column":29}},"loc":{"start":{"line":247,"column":39},"end":{"line":249,"column":19}},"line":247}},"branchMap":{"0":{"loc":{"start":{"line":29,"column":6},"end":{"line":32,"column":7}},"type":"if","locations":[{"start":{"line":29,"column":6},"end":{"line":32,"column":7}},{"start":{},"end":{}}],"line":29},"1":{"loc":{"start":{"line":29,"column":10},"end":{"line":29,"column":40}},"type":"binary-expr","locations":[{"start":{"line":29,"column":10},"end":{"line":29,"column":23}},{"start":{"line":29,"column":27},"end":{"line":29,"column":40}}],"line":29},"2":{"loc":{"start":{"line":49,"column":6},"end":{"line":53,"column":7}},"type":"if","locations":[{"start":{"line":49,"column":6},"end":{"line":53,"column":7}},{"start":{"line":51,"column":13},"end":{"line":53,"column":7}}],"line":49},"3":{"loc":{"start":{"line":66,"column":4},"end":{"line":76,"column":5}},"type":"if","locations":[{"start":{"line":66,"column":4},"end":{"line":76,"column":5}},{"start":{},"end":{}}],"line":66},"4":{"loc":{"start":{"line":67,"column":6},"end":{"line":72,"column":21}},"type":"binary-expr","locations":[{"start":{"line":67,"column":6},"end":{"line":67,"column":19}},{"start":{"line":68,"column":6},"end":{"line":68,"column":26}},{"start":{"line":69,"column":6},"end":{"line":69,"column":15}},{"start":{"line":70,"column":6},"end":{"line":70,"column":21}},{"start":{"line":71,"column":6},"end":{"line":71,"column":18}},{"start":{"line":72,"column":6},"end":{"line":72,"column":21}}],"line":67},"5":{"loc":{"start":{"line":77,"column":4},"end":{"line":80,"column":5}},"type":"if","locations":[{"start":{"line":77,"column":4},"end":{"line":80,"column":5}},{"start":{},"end":{}}],"line":77},"6":{"loc":{"start":{"line":81,"column":4},"end":{"line":84,"column":5}},"type":"if","locations":[{"start":{"line":81,"column":4},"end":{"line":84,"column":5}},{"start":{},"end":{}}],"line":81},"7":{"loc":{"start":{"line":91,"column":4},"end":{"line":93,"column":5}},"type":"if","locations":[{"start":{"line":91,"column":4},"end":{"line":93,"column":5}},{"start":{},"end":{}}],"line":91},"8":{"loc":{"start":{"line":100,"column":6},"end":{"line":100,"column":49}},"type":"binary-expr","locations":[{"start":{"line":100,"column":6},"end":{"line":100,"column":11}},{"start":{"line":100,"column":15},"end":{"line":100,"column":49}}],"line":100},"9":{"loc":{"start":{"line":107,"column":6},"end":{"line":112,"column":7}},"type":"if","locations":[{"start":{"line":107,"column":6},"end":{"line":112,"column":7}},{"start":{"line":109,"column":13},"end":{"line":112,"column":7}}],"line":107},"10":{"loc":{"start":{"line":123,"column":6},"end":{"line":123,"column":26}},"type":"if","locations":[{"start":{"line":123,"column":6},"end":{"line":123,"column":26}},{"start":{},"end":{}}],"line":123},"11":{"loc":{"start":{"line":127,"column":6},"end":{"line":129,"column":7}},"type":"if","locations":[{"start":{"line":127,"column":6},"end":{"line":129,"column":7}},{"start":{},"end":{}}],"line":127},"12":{"loc":{"start":{"line":166,"column":19},"end":{"line":166,"column":54}},"type":"cond-expr","locations":[{"start":{"line":166,"column":27},"end":{"line":166,"column":37}},{"start":{"line":166,"column":40},"end":{"line":166,"column":54}}],"line":166},"13":{"loc":{"start":{"line":178,"column":17},"end":{"line":200,"column":17}},"type":"cond-expr","locations":[{"start":{"line":179,"column":18},"end":{"line":187,"column":24}},{"start":{"line":189,"column":18},"end":{"line":199,"column":19}}],"line":178},"14":{"loc":{"start":{"line":189,"column":18},"end":{"line":199,"column":19}},"type":"binary-expr","locations":[{"start":{"line":189,"column":18},"end":{"line":189,"column":27}},{"start":{"line":190,"column":20},"end":{"line":198,"column":26}}],"line":189},"15":{"loc":{"start":{"line":250,"column":25},"end":{"line":250,"column":45}},"type":"cond-expr","locations":[{"start":{"line":250,"column":36},"end":{"line":250,"column":39}},{"start":{"line":250,"column":42},"end":{"line":250,"column":45}}],"line":250}},"s":{"0":1,"1":1,"2":334,"3":334,"4":334,"5":334,"6":334,"7":334,"8":334,"9":334,"10":334,"11":334,"12":334,"13":334,"14":21,"15":21,"16":20,"17":1,"18":1,"19":19,"20":19,"21":19,"22":19,"23":19,"24":19,"25":19,"26":1,"27":1,"28":334,"29":21,"30":21,"31":20,"32":19,"33":1,"34":1,"35":1,"36":334,"37":21,"38":21,"39":334,"40":9,"41":4,"42":4,"43":5,"44":1,"45":1,"46":4,"47":1,"48":1,"49":3,"50":334,"51":9,"52":9,"53":6,"54":3,"55":3,"56":3,"57":3,"58":3,"59":3,"60":3,"61":3,"62":3,"63":3,"64":2,"65":1,"66":1,"67":1,"68":1,"69":1,"70":334,"71":4,"72":4,"73":4,"74":1,"75":3,"76":2,"77":1,"78":1,"79":1,"80":1,"81":1,"82":334,"83":6,"84":620,"85":6,"86":78,"87":162,"88":27,"89":12,"90":6},"f":{"0":334,"1":21,"2":21,"3":21,"4":9,"5":9,"6":4,"7":6,"8":620,"9":6,"10":78,"11":162,"12":27,"13":12,"14":6},"b":{"0":[1,19],"1":[20,19],"2":[19,1],"3":[4,5],"4":[9,5,5,5,5,5],"5":[1,4],"6":[1,3],"7":[6,3],"8":[3,3],"9":[1,1],"10":[1,3],"11":[1,1],"12":[6,328],"13":[6,328],"14":[328,305],"15":[299,35]},"_coverageSchema":"1a1c01bbd47fc00a2c39e90264f33305004495a9","hash":"bffd2db2a9c29589c09cffb7904846bdae933880"}
,"C:\\Users\\admin\\Downloads\\cs4218-2420-ecom-project-team01\\client\\src\\pages\\admin\\Users.js": {"path":"C:\\Users\\admin\\Downloads\\cs4218-2420-ecom-project-team01\\client\\src\\pages\\admin\\Users.js","statementMap":{"0":{"start":{"line":5,"column":14},"end":{"line":20,"column":1}},"1":{"start":{"line":6,"column":2},"end":{"line":19,"column":4}}},"fnMap":{"0":{"name":"(anonymous_0)","decl":{"start":{"line":5,"column":14},"end":{"line":5,"column":15}},"loc":{"start":{"line":5,"column":20},"end":{"line":20,"column":1}},"line":5}},"branchMap":{},"s":{"0":0,"1":0},"f":{"0":0},"b":{}}
,"C:\\Users\\admin\\Downloads\\cs4218-2420-ecom-project-team01\\client\\src\\pages\\user\\Dashboard.js": {"path":"C:\\Users\\admin\\Downloads\\cs4218-2420-ecom-project-team01\\client\\src\\pages\\user\\Dashboard.js","statementMap":{"0":{"start":{"line":5,"column":18},"end":{"line":25,"column":1}},"1":{"start":{"line":6,"column":17},"end":{"line":6,"column":26}},"2":{"start":{"line":7,"column":2},"end":{"line":24,"column":4}}},"fnMap":{"0":{"name":"(anonymous_0)","decl":{"start":{"line":5,"column":18},"end":{"line":5,"column":19}},"loc":{"start":{"line":5,"column":24},"end":{"line":25,"column":1}},"line":5}},"branchMap":{},"s":{"0":0,"1":0,"2":0},"f":{"0":0},"b":{}}
,"C:\\Users\\admin\\Downloads\\cs4218-2420-ecom-project-team01\\client\\src\\pages\\user\\Orders.js": {"path":"C:\\Users\\admin\\Downloads\\cs4218-2420-ecom-project-team01\\client\\src\\pages\\user\\Orders.js","statementMap":{"0":{"start":{"line":8,"column":15},"end":{"line":85,"column":1}},"1":{"start":{"line":9,"column":30},"end":{"line":9,"column":42}},"2":{"start":{"line":10,"column":26},"end":{"line":10,"column":35}},"3":{"start":{"line":11,"column":20},"end":{"line":18,"column":3}},"4":{"start":{"line":12,"column":4},"end":{"line":17,"column":5}},"5":{"start":{"line":13,"column":23},"end":{"line":13,"column":61}},"6":{"start":{"line":14,"column":6},"end":{"line":14,"column":22}},"7":{"start":{"line":16,"column":6},"end":{"line":16,"column":25}},"8":{"start":{"line":20,"column":2},"end":{"line":22,"column":20}},"9":{"start":{"line":21,"column":4},"end":{"line":21,"column":33}},"10":{"start":{"line":21,"column":21},"end":{"line":21,"column":33}},"11":{"start":{"line":23,"column":2},"end":{"line":84,"column":4}},"12":{"start":{"line":33,"column":14},"end":{"line":78,"column":16}},"13":{"start":{"line":59,"column":22},"end":{"line":74,"column":28}}},"fnMap":{"0":{"name":"(anonymous_0)","decl":{"start":{"line":8,"column":15},"end":{"line":8,"column":16}},"loc":{"start":{"line":8,"column":21},"end":{"line":85,"column":1}},"line":8},"1":{"name":"(anonymous_1)","decl":{"start":{"line":11,"column":20},"end":{"line":11,"column":21}},"loc":{"start":{"line":11,"column":32},"end":{"line":18,"column":3}},"line":11},"2":{"name":"(anonymous_2)","decl":{"start":{"line":20,"column":12},"end":{"line":20,"column":13}},"loc":{"start":{"line":20,"column":18},"end":{"line":22,"column":3}},"line":20},"3":{"name":"(anonymous_3)","decl":{"start":{"line":32,"column":25},"end":{"line":32,"column":26}},"loc":{"start":{"line":32,"column":35},"end":{"line":79,"column":13}},"line":32},"4":{"name":"(anonymous_4)","decl":{"start":{"line":58,"column":38},"end":{"line":58,"column":39}},"loc":{"start":{"line":59,"column":22},"end":{"line":74,"column":28}},"line":59}},"branchMap":{"0":{"loc":{"start":{"line":21,"column":4},"end":{"line":21,"column":33}},"type":"if","locations":[{"start":{"line":21,"column":4},"end":{"line":21,"column":33}},{"start":{},"end":{}}],"line":21},"1":{"loc":{"start":{"line":52,"column":29},"end":{"line":52,"column":70}},"type":"cond-expr","locations":[{"start":{"line":52,"column":50},"end":{"line":52,"column":59}},{"start":{"line":52,"column":62},"end":{"line":52,"column":70}}],"line":52}},"s":{"0":0,"1":0,"2":0,"3":0,"4":0,"5":0,"6":0,"7":0,"8":0,"9":0,"10":0,"11":0,"12":0,"13":0},"f":{"0":0,"1":0,"2":0,"3":0,"4":0},"b":{"0":[0,0],"1":[0,0]}}
,"C:\\Users\\admin\\Downloads\\cs4218-2420-ecom-project-team01\\client\\src\\pages\\user\\Profile.js": {"path":"C:\\Users\\admin\\Downloads\\cs4218-2420-ecom-project-team01\\client\\src\\pages\\user\\Profile.js","statementMap":{"0":{"start":{"line":7,"column":16},"end":{"line":126,"column":1}},"1":{"start":{"line":9,"column":26},"end":{"line":9,"column":35}},"2":{"start":{"line":11,"column":26},"end":{"line":11,"column":38}},"3":{"start":{"line":12,"column":28},"end":{"line":12,"column":40}},"4":{"start":{"line":13,"column":34},"end":{"line":13,"column":46}},"5":{"start":{"line":14,"column":28},"end":{"line":14,"column":40}},"6":{"start":{"line":15,"column":32},"end":{"line":15,"column":44}},"7":{"start":{"line":18,"column":2},"end":{"line":24,"column":19}},"8":{"start":{"line":19,"column":44},"end":{"line":19,"column":54}},"9":{"start":{"line":20,"column":4},"end":{"line":20,"column":18}},"10":{"start":{"line":21,"column":4},"end":{"line":21,"column":20}},"11":{"start":{"line":22,"column":4},"end":{"line":22,"column":20}},"12":{"start":{"line":23,"column":4},"end":{"line":23,"column":24}},"13":{"start":{"line":27,"column":23},"end":{"line":51,"column":3}},"14":{"start":{"line":28,"column":4},"end":{"line":28,"column":23}},"15":{"start":{"line":29,"column":4},"end":{"line":50,"column":5}},"16":{"start":{"line":30,"column":23},"end":{"line":36,"column":8}},"17":{"start":{"line":37,"column":6},"end":{"line":46,"column":7}},"18":{"start":{"line":38,"column":8},"end":{"line":38,"column":33}},"19":{"start":{"line":40,"column":8},"end":{"line":40,"column":54}},"20":{"start":{"line":41,"column":17},"end":{"line":41,"column":45}},"21":{"start":{"line":42,"column":8},"end":{"line":42,"column":28}},"22":{"start":{"line":43,"column":8},"end":{"line":43,"column":35}},"23":{"start":{"line":44,"column":8},"end":{"line":44,"column":57}},"24":{"start":{"line":45,"column":8},"end":{"line":45,"column":54}},"25":{"start":{"line":48,"column":6},"end":{"line":48,"column":25}},"26":{"start":{"line":49,"column":6},"end":{"line":49,"column":42}},"27":{"start":{"line":52,"column":2},"end":{"line":125,"column":4}},"28":{"start":{"line":67,"column":37},"end":{"line":67,"column":60}},"29":{"start":{"line":78,"column":37},"end":{"line":78,"column":61}},"30":{"start":{"line":89,"column":37},"end":{"line":89,"column":64}},"31":{"start":{"line":99,"column":37},"end":{"line":99,"column":61}},"32":{"start":{"line":109,"column":37},"end":{"line":109,"column":63}}},"fnMap":{"0":{"name":"(anonymous_0)","decl":{"start":{"line":7,"column":16},"end":{"line":7,"column":17}},"loc":{"start":{"line":7,"column":22},"end":{"line":126,"column":1}},"line":7},"1":{"name":"(anonymous_1)","decl":{"start":{"line":18,"column":12},"end":{"line":18,"column":13}},"loc":{"start":{"line":18,"column":18},"end":{"line":24,"column":3}},"line":18},"2":{"name":"(anonymous_2)","decl":{"start":{"line":27,"column":23},"end":{"line":27,"column":24}},"loc":{"start":{"line":27,"column":36},"end":{"line":51,"column":3}},"line":27},"3":{"name":"(anonymous_3)","decl":{"start":{"line":67,"column":30},"end":{"line":67,"column":31}},"loc":{"start":{"line":67,"column":37},"end":{"line":67,"column":60}},"line":67},"4":{"name":"(anonymous_4)","decl":{"start":{"line":78,"column":30},"end":{"line":78,"column":31}},"loc":{"start":{"line":78,"column":37},"end":{"line":78,"column":61}},"line":78},"5":{"name":"(anonymous_5)","decl":{"start":{"line":89,"column":30},"end":{"line":89,"column":31}},"loc":{"start":{"line":89,"column":37},"end":{"line":89,"column":64}},"line":89},"6":{"name":"(anonymous_6)","decl":{"start":{"line":99,"column":30},"end":{"line":99,"column":31}},"loc":{"start":{"line":99,"column":37},"end":{"line":99,"column":61}},"line":99},"7":{"name":"(anonymous_7)","decl":{"start":{"line":109,"column":30},"end":{"line":109,"column":31}},"loc":{"start":{"line":109,"column":37},"end":{"line":109,"column":63}},"line":109}},"branchMap":{"0":{"loc":{"start":{"line":37,"column":6},"end":{"line":46,"column":7}},"type":"if","locations":[{"start":{"line":37,"column":6},"end":{"line":46,"column":7}},{"start":{"line":39,"column":13},"end":{"line":46,"column":7}}],"line":37}},"s":{"0":0,"1":0,"2":0,"3":0,"4":0,"5":0,"6":0,"7":0,"8":0,"9":0,"10":0,"11":0,"12":0,"13":0,"14":0,"15":0,"16":0,"17":0,"18":0,"19":0,"20":0,"21":0,"22":0,"23":0,"24":0,"25":0,"26":0,"27":0,"28":0,"29":0,"30":0,"31":0,"32":0},"f":{"0":0,"1":0,"2":0,"3":0,"4":0,"5":0,"6":0,"7":0},"b":{"0":[0,0]}}
}
