TN:
SF:client\src\components\AdminMenu.js
FN:3,(anonymous_0)
FNF:1
FNH:1
FNDA:5,(anonymous_0)
DA:3,1
DA:4,5
LF:2
LH:2
BRF:0
BRH:0
end_of_record
TN:
SF:client\src\components\Footer.js
FN:4,(anonymous_0)
FNF:1
FNH:1
FNDA:43,(anonymous_0)
DA:4,3
DA:5,43
LF:2
LH:2
BRF:0
BRH:0
end_of_record
TN:
SF:client\src\components\Header.js
FN:10,(anonymous_0)
FN:14,(anonymous_1)
FN:63,(anonymous_2)
FNF:3
FNH:2
FNDA:43,(anonymous_0)
FNDA:0,(anonymous_1)
FNDA:2,(anonymous_2)
DA:10,3
DA:11,43
DA:12,43
DA:13,43
DA:14,43
DA:15,0
DA:20,0
DA:21,0
DA:23,43
DA:64,2
LF:10
LH:7
BRDA:76,0,0,43
BRDA:76,0,1,0
BRDA:105,1,0,0
BRDA:105,1,1,0
BRF:4
BRH:1
end_of_record
TN:
SF:client\src\components\Layout.js
FN:8,(anonymous_0)
FNF:1
FNH:1
FNDA:43,(anonymous_0)
DA:8,3
DA:9,43
DA:28,3
LF:3
LH:3
BRF:0
BRH:0
end_of_record
TN:
SF:client\src\components\Prices.js
FNF:0
FNH:0
DA:1,0
LF:1
LH:0
BRF:0
BRH:0
end_of_record
TN:
SF:client\src\components\Spinner.js
FN:3,(anonymous_0)
FN:8,(anonymous_1)
FN:9,(anonymous_2)
FN:10,(anonymous_3)
FN:15,(anonymous_4)
FNF:5
FNH:0
FNDA:0,(anonymous_0)
FNDA:0,(anonymous_1)
FNDA:0,(anonymous_2)
FNDA:0,(anonymous_3)
FNDA:0,(anonymous_4)
DA:3,0
DA:4,0
DA:5,0
DA:6,0
DA:8,0
DA:9,0
DA:10,0
DA:12,0
DA:15,0
DA:17,0
LF:10
LH:0
BRDA:3,0,0,0
BRDA:12,1,0,0
BRDA:12,1,1,0
BRF:3
BRH:0
end_of_record
TN:
SF:client\src\components\UserMenu.js
FN:3,(anonymous_0)
FNF:1
FNH:0
FNDA:0,(anonymous_0)
DA:3,0
DA:4,0
LF:2
LH:0
BRF:0
BRH:0
end_of_record
TN:
SF:client\src\components\Form\CategoryForm.js
FN:3,(anonymous_0)
FN:13,(anonymous_1)
FNF:2
FNH:2
FNDA:3,(anonymous_0)
FNDA:1,(anonymous_1)
DA:3,1
DA:4,3
DA:13,1
LF:3
LH:3
BRF:0
BRH:0
end_of_record
TN:
SF:client\src\components\Form\SearchInput.js
FN:5,(anonymous_0)
FN:9,(anonymous_1)
FN:30,(anonymous_2)
FNF:3
FNH:1
FNDA:43,(anonymous_0)
FNDA:0,(anonymous_1)
FNDA:0,(anonymous_2)
DA:5,3
DA:6,43
DA:7,43
DA:9,43
DA:10,0
DA:11,0
DA:12,0
DA:15,0
DA:16,0
DA:18,0
DA:21,43
DA:30,0
LF:12
LH:5
BRF:0
BRH:0
end_of_record
TN:
SF:client\src\components\Routes\AdminRoute.js
FN:8,AdminRoute
FN:12,(anonymous_1)
FN:13,(anonymous_2)
FNF:3
FNH:0
FNDA:0,AdminRoute
FNDA:0,(anonymous_1)
FNDA:0,(anonymous_2)
DA:9,0
DA:10,0
DA:12,0
DA:13,0
DA:14,0
DA:15,0
DA:16,0
DA:18,0
DA:21,0
DA:24,0
LF:10
LH:0
BRDA:15,0,0,0
BRDA:15,0,1,0
BRDA:21,1,0,0
BRDA:21,1,1,0
BRDA:24,2,0,0
BRDA:24,2,1,0
BRF:6
BRH:0
end_of_record
TN:
SF:client\src\components\Routes\Private.js
FN:8,PrivateRoute
FN:12,(anonymous_1)
FN:13,(anonymous_2)
FNF:3
FNH:0
FNDA:0,PrivateRoute
FNDA:0,(anonymous_1)
FNDA:0,(anonymous_2)
DA:9,0
DA:10,0
DA:12,0
DA:13,0
DA:14,0
DA:15,0
DA:16,0
DA:18,0
DA:21,0
DA:24,0
LF:10
LH:0
BRDA:15,0,0,0
BRDA:15,0,1,0
BRDA:21,1,0,0
BRDA:21,1,1,0
BRDA:24,2,0,0
BRDA:24,2,1,0
BRF:6
BRH:0
end_of_record
TN:
SF:client\src\hooks\useCategory.js
FN:4,useCategory
FN:8,(anonymous_1)
FN:20,(anonymous_2)
FNF:3
FNH:3
FNDA:44,useCategory
FNDA:12,(anonymous_1)
FNDA:12,(anonymous_2)
DA:5,44
DA:8,44
DA:9,12
DA:10,12
DA:11,12
DA:12,1
DA:13,1
DA:16,0
DA:20,44
DA:21,12
DA:24,44
LF:11
LH:10
BRDA:11,0,0,1
BRDA:11,0,1,11
BRF:2
BRH:2
end_of_record
TN:
SF:client\src\pages\About.js
FN:4,(anonymous_0)
FNF:1
FNH:0
FNDA:0,(anonymous_0)
DA:4,0
DA:5,0
LF:2
LH:0
BRF:0
BRH:0
end_of_record
TN:
SF:client\src\pages\CartPage.js
FN:12,(anonymous_0)
FN:21,(anonymous_1)
FN:24,(anonymous_2)
FN:36,(anonymous_3)
FN:39,(anonymous_4)
FN:49,(anonymous_5)
FN:57,(anonymous_6)
FN:62,(anonymous_7)
FN:102,(anonymous_8)
FN:121,(anonymous_9)
FN:141,(anonymous_10)
FN:152,(anonymous_11)
FN:159,(anonymous_12)
FN:182,(anonymous_13)
FNF:14
FNH:0
FNDA:0,(anonymous_0)
FNDA:0,(anonymous_1)
FNDA:0,(anonymous_2)
FNDA:0,(anonymous_3)
FNDA:0,(anonymous_4)
FNDA:0,(anonymous_5)
FNDA:0,(anonymous_6)
FNDA:0,(anonymous_7)
FNDA:0,(anonymous_8)
FNDA:0,(anonymous_9)
FNDA:0,(anonymous_10)
FNDA:0,(anonymous_11)
FNDA:0,(anonymous_12)
FNDA:0,(anonymous_13)
DA:12,0
DA:13,0
DA:14,0
DA:15,0
DA:16,0
DA:17,0
DA:18,0
DA:21,0
DA:22,0
DA:23,0
DA:24,0
DA:25,0
DA:27,0
DA:32,0
DA:36,0
DA:37,0
DA:38,0
DA:39,0
DA:40,0
DA:41,0
DA:42,0
DA:44,0
DA:49,0
DA:50,0
DA:51,0
DA:52,0
DA:54,0
DA:57,0
DA:58,0
DA:62,0
DA:63,0
DA:64,0
DA:65,0
DA:66,0
DA:70,0
DA:71,0
DA:72,0
DA:73,0
DA:74,0
DA:76,0
DA:77,0
DA:80,0
DA:103,0
DA:121,0
DA:141,0
DA:152,0
DA:160,0
DA:182,0
LF:48
LH:0
BRDA:86,0,0,0
BRDA:86,0,1,0
BRDA:88,1,0,0
BRDA:88,1,1,0
BRDA:90,2,0,0
BRDA:90,2,1,0
BRDA:92,3,0,0
BRDA:92,3,1,0
BRDA:134,4,0,0
BRDA:134,4,1,0
BRDA:149,5,0,0
BRDA:149,5,1,0
BRDA:171,6,0,0
BRDA:171,6,1,0
BRDA:171,7,0,0
BRDA:171,7,1,0
BRDA:171,7,2,0
BRDA:188,8,0,0
BRDA:188,8,1,0
BRDA:188,8,2,0
BRDA:190,9,0,0
BRDA:190,9,1,0
BRF:22
BRH:0
end_of_record
TN:
SF:client\src\pages\Categories.js
FN:5,(anonymous_0)
FN:11,(anonymous_1)
FNF:2
FNH:2
FNDA:1,(anonymous_0)
FNDA:2,(anonymous_1)
DA:5,1
DA:6,1
DA:7,1
DA:12,2
LF:4
LH:4
BRF:0
BRH:0
end_of_record
TN:
SF:client\src\pages\CategoryProduct.js
FN:8,(anonymous_0)
FN:15,(anonymous_1)
FN:18,(anonymous_2)
FN:38,(anonymous_3)
FN:64,(anonymous_4)
FN:69,(anonymous_5)
FNF:6
FNH:6
FNDA:13,(anonymous_0)
FNDA:8,(anonymous_1)
FNDA:7,(anonymous_2)
FNDA:15,(anonymous_3)
FNDA:1,(anonymous_4)
FNDA:2,(anonymous_5)
DA:8,1
DA:9,13
DA:10,13
DA:11,13
DA:12,13
DA:13,13
DA:15,13
DA:16,8
DA:18,13
DA:19,7
DA:20,7
DA:23,6
DA:24,6
DA:26,1
DA:30,13
DA:39,15
DA:64,1
DA:70,2
DA:71,2
DA:75,2
LF:20
LH:20
BRDA:16,0,0,7
BRDA:16,0,1,1
BRF:2
BRH:2
end_of_record
TN:
SF:client\src\pages\Contact.js
FN:4,(anonymous_0)
FNF:1
FNH:0
FNDA:0,(anonymous_0)
DA:4,0
DA:5,0
LF:2
LH:0
BRF:0
BRH:0
end_of_record
TN:
SF:client\src\pages\HomePage.js
FN:11,(anonymous_0)
FN:23,(anonymous_1)
FN:34,(anonymous_2)
FN:39,(anonymous_3)
FN:52,(anonymous_4)
FN:61,(anonymous_5)
FN:66,(anonymous_6)
FN:79,(anonymous_7)
FN:84,(anonymous_8)
FN:88,(anonymous_9)
FN:92,(anonymous_10)
FN:97,(anonymous_11)
FN:122,(anonymous_12)
FN:125,(anonymous_13)
FN:133,(anonymous_14)
FN:134,(anonymous_15)
FN:144,(anonymous_16)
FN:152,(anonymous_17)
FN:175,(anonymous_18)
FN:180,(anonymous_19)
FN:199,(anonymous_20)
FNF:21
FNH:0
FNDA:0,(anonymous_0)
FNDA:0,(anonymous_1)
FNDA:0,(anonymous_2)
FNDA:0,(anonymous_3)
FNDA:0,(anonymous_4)
FNDA:0,(anonymous_5)
FNDA:0,(anonymous_6)
FNDA:0,(anonymous_7)
FNDA:0,(anonymous_8)
FNDA:0,(anonymous_9)
FNDA:0,(anonymous_10)
FNDA:0,(anonymous_11)
FNDA:0,(anonymous_12)
FNDA:0,(anonymous_13)
FNDA:0,(anonymous_14)
FNDA:0,(anonymous_15)
FNDA:0,(anonymous_16)
FNDA:0,(anonymous_17)
FNDA:0,(anonymous_18)
FNDA:0,(anonymous_19)
FNDA:0,(anonymous_20)
DA:11,0
DA:12,0
DA:13,0
DA:14,0
DA:15,0
DA:16,0
DA:17,0
DA:18,0
DA:19,0
DA:20,0
DA:23,0
DA:24,0
DA:25,0
DA:26,0
DA:27,0
DA:30,0
DA:34,0
DA:35,0
DA:36,0
DA:39,0
DA:40,0
DA:41,0
DA:42,0
DA:43,0
DA:44,0
DA:46,0
DA:47,0
DA:52,0
DA:53,0
DA:54,0
DA:55,0
DA:57,0
DA:61,0
DA:62,0
DA:63,0
DA:66,0
DA:67,0
DA:68,0
DA:69,0
DA:70,0
DA:71,0
DA:73,0
DA:74,0
DA:79,0
DA:80,0
DA:81,0
DA:82,0
DA:84,0
DA:86,0
DA:88,0
DA:89,0
DA:92,0
DA:93,0
DA:97,0
DA:98,0
DA:99,0
DA:103,0
DA:105,0
DA:108,0
DA:123,0
DA:125,0
DA:133,0
DA:135,0
DA:144,0
DA:153,0
DA:175,0
DA:181,0
DA:182,0
DA:186,0
DA:200,0
DA:201,0
LF:71
LH:0
BRDA:26,0,0,0
BRDA:26,0,1,0
BRDA:62,1,0,0
BRDA:62,1,1,0
BRDA:81,2,0,0
BRDA:81,2,1,0
BRDA:89,3,0,0
BRDA:89,3,1,0
BRDA:89,4,0,0
BRDA:89,4,1,0
BRDA:93,5,0,0
BRDA:93,5,1,0
BRDA:93,6,0,0
BRDA:93,6,1,0
BRDA:196,7,0,0
BRDA:196,7,1,0
BRDA:196,7,2,0
BRDA:203,8,0,0
BRDA:203,8,1,0
BRF:19
BRH:0
end_of_record
TN:
SF:client\src\pages\Pagenotfound.js
FN:5,(anonymous_0)
FNF:1
FNH:0
FNDA:0,(anonymous_0)
DA:5,0
DA:6,0
LF:2
LH:0
BRF:0
BRH:0
end_of_record
TN:
SF:client\src\pages\Policy.js
FN:4,(anonymous_0)
FNF:1
FNH:0
FNDA:0,(anonymous_0)
DA:4,0
DA:5,0
LF:2
LH:0
BRF:0
BRH:0
end_of_record
TN:
SF:client\src\pages\ProductDetails.js
FN:9,(anonymous_0)
FN:17,(anonymous_1)
FN:21,(anonymous_2)
FN:38,(anonymous_3)
FN:49,(anonymous_4)
FN:85,(anonymous_5)
FN:97,(anonymous_6)
FN:124,(anonymous_7)
FN:130,(anonymous_8)
FNF:9
FNH:9
FNDA:21,(anonymous_0)
FNDA:12,(anonymous_1)
FNDA:11,(anonymous_2)
FNDA:9,(anonymous_3)
FNDA:4,(anonymous_4)
FNDA:2,(anonymous_5)
FNDA:8,(anonymous_6)
FNDA:1,(anonymous_7)
FNDA:2,(anonymous_8)
DA:9,1
DA:10,21
DA:11,21
DA:12,21
DA:13,21
DA:14,21
DA:17,21
DA:18,12
DA:21,21
DA:22,11
DA:23,11
DA:26,10
DA:27,1
DA:28,1
DA:29,1
DA:31,9
DA:32,9
DA:34,1
DA:38,21
DA:39,9
DA:40,9
DA:43,8
DA:45,1
DA:49,21
DA:50,4
DA:51,4
DA:52,4
DA:55,21
DA:85,2
DA:98,8
DA:124,1
DA:130,2
LF:32
LH:32
BRDA:18,0,0,11
BRDA:18,0,1,1
BRDA:26,1,0,1
BRDA:26,1,1,9
BRDA:59,2,0,21
BRDA:59,2,1,9
BRDA:93,3,0,21
BRDA:93,3,1,17
BRF:8
BRH:8
end_of_record
TN:
SF:client\src\pages\Search.js
FN:4,(anonymous_0)
FN:17,(anonymous_1)
FNF:2
FNH:0
FNDA:0,(anonymous_0)
FNDA:0,(anonymous_1)
DA:4,0
DA:5,0
DA:6,0
DA:18,0
LF:4
LH:0
BRDA:12,0,0,0
BRDA:12,0,1,0
BRF:2
BRH:0
end_of_record
TN:
SF:client\src\pages\Auth\Login.js
FN:9,(anonymous_0)
FN:20,(anonymous_1)
FN:62,(anonymous_2)
FN:73,(anonymous_3)
FN:84,(anonymous_4)
FNF:5
FNH:5
FNDA:18,(anonymous_0)
FNDA:3,(anonymous_1)
FNDA:5,(anonymous_2)
FNDA:5,(anonymous_3)
FNDA:1,(anonymous_4)
DA:9,1
DA:10,18
DA:11,18
DA:12,18
DA:15,18
DA:16,18
DA:20,18
DA:21,3
DA:22,3
DA:23,3
DA:27,2
DA:28,1
DA:36,1
DA:41,1
DA:42,1
DA:44,1
DA:47,1
DA:48,1
DA:51,18
DA:62,5
DA:73,5
DA:85,1
LF:22
LH:22
BRDA:27,0,0,1
BRDA:27,0,1,1
BRDA:27,1,0,2
BRDA:27,1,1,2
BRDA:28,2,0,1
BRDA:28,2,1,1
BRDA:42,3,0,1
BRDA:42,3,1,1
BRF:8
BRH:8
end_of_record
TN:
SF:client\src\pages\Auth\Register.js
FN:7,(anonymous_0)
FN:18,(anonymous_1)
FN:51,(anonymous_2)
FN:63,(anonymous_3)
FN:74,(anonymous_4)
FN:85,(anonymous_5)
FN:96,(anonymous_6)
FN:107,(anonymous_7)
FN:118,(anonymous_8)
FNF:9
FNH:9
FNDA:24,(anonymous_0)
FNDA:3,(anonymous_1)
FNDA:3,(anonymous_2)
FNDA:3,(anonymous_3)
FNDA:3,(anonymous_4)
FNDA:3,(anonymous_5)
FNDA:3,(anonymous_6)
FNDA:3,(anonymous_7)
FNDA:3,(anonymous_8)
DA:7,1
DA:8,24
DA:9,24
DA:10,24
DA:11,24
DA:12,24
DA:13,24
DA:14,24
DA:15,24
DA:18,24
DA:19,3
DA:20,3
DA:21,3
DA:30,2
DA:31,1
DA:32,1
DA:34,1
DA:37,1
DA:38,1
DA:42,24
DA:51,3
DA:63,3
DA:74,3
DA:85,3
DA:96,3
DA:107,3
DA:118,3
LF:27
LH:27
BRDA:30,0,0,1
BRDA:30,0,1,1
BRDA:30,1,0,2
BRDA:30,1,1,2
BRF:4
BRH:4
end_of_record
TN:
SF:client\src\pages\admin\AdminDashboard.js
FN:5,(anonymous_0)
FNF:1
FNH:0
FNDA:0,(anonymous_0)
DA:5,0
DA:6,0
DA:7,0
LF:3
LH:0
BRF:0
BRH:0
end_of_record
TN:
SF:client\src\pages\admin\AdminOrders.js
FN:11,(anonymous_0)
FN:22,(anonymous_1)
FN:31,(anonymous_2)
FN:35,(anonymous_3)
FN:53,(anonymous_4)
FN:73,(anonymous_5)
FN:76,(anonymous_6)
FN:91,(anonymous_7)
FNF:8
FNH:0
FNDA:0,(anonymous_0)
FNDA:0,(anonymous_1)
FNDA:0,(anonymous_2)
FNDA:0,(anonymous_3)
FNDA:0,(anonymous_4)
FNDA:0,(anonymous_5)
FNDA:0,(anonymous_6)
FNDA:0,(anonymous_7)
DA:9,0
DA:11,0
DA:12,0
DA:19,0
DA:20,0
DA:21,0
DA:22,0
DA:23,0
DA:24,0
DA:25,0
DA:27,0
DA:31,0
DA:32,0
DA:35,0
DA:36,0
DA:37,0
DA:40,0
DA:42,0
DA:45,0
DA:54,0
DA:73,0
DA:77,0
DA:92,0
LF:23
LH:0
BRDA:32,0,0,0
BRDA:32,0,1,0
BRDA:85,1,0,0
BRDA:85,1,1,0
BRF:4
BRH:0
end_of_record
TN:
SF:client\src\pages\admin\CreateCategory.js
FN:8,(anonymous_0)
FN:15,(anonymous_1)
FN:34,(anonymous_2)
FN:49,(anonymous_3)
FN:54,(anonymous_4)
FN:75,(anonymous_5)
FN:116,(anonymous_6)
FN:122,(anonymous_7)
FN:132,(anonymous_8)
FN:144,(anonymous_9)
FNF:10
FNH:10
FNDA:36,(anonymous_0)
FNDA:3,(anonymous_1)
FNDA:15,(anonymous_2)
FNDA:12,(anonymous_3)
FNDA:3,(anonymous_4)
FNDA:3,(anonymous_5)
FNDA:24,(anonymous_6)
FNDA:4,(anonymous_7)
FNDA:3,(anonymous_8)
FNDA:1,(anonymous_9)
DA:8,1
DA:9,36
DA:10,36
DA:11,36
DA:12,36
DA:13,36
DA:15,36
DA:16,3
DA:17,3
DA:18,3
DA:21,2
DA:22,1
DA:23,1
DA:25,1
DA:28,1
DA:29,1
DA:34,36
DA:35,15
DA:36,15
DA:37,14
DA:38,13
DA:39,13
DA:40,13
DA:44,1
DA:45,1
DA:49,36
DA:50,12
DA:54,36
DA:55,3
DA:56,3
DA:57,3
DA:61,2
DA:62,1
DA:63,1
DA:64,1
DA:65,1
DA:66,1
DA:68,1
DA:71,1
DA:75,36
DA:76,3
DA:77,3
DA:80,2
DA:81,1
DA:83,1
DA:85,1
DA:88,1
DA:91,36
DA:117,24
DA:123,4
DA:124,4
DA:125,4
DA:133,3
DA:144,1
LF:54
LH:54
BRDA:21,0,0,1
BRDA:21,0,1,1
BRDA:37,1,0,13
BRDA:37,1,1,1
BRDA:39,2,0,13
BRDA:39,2,1,0
BRDA:61,3,0,1
BRDA:61,3,1,1
BRDA:80,4,0,1
BRDA:80,4,1,1
BRF:10
BRH:9
end_of_record
TN:
SF:client\src\pages\admin\CreateProduct.js
FN:10,(anonymous_0)
FN:22,(anonymous_1)
FN:37,(anonymous_2)
FN:41,(anonymous_3)
FN:66,(anonymous_4)
FN:116,(anonymous_5)
FN:120,(anonymous_6)
FN:133,(anonymous_7)
FN:157,(anonymous_8)
FN:166,(anonymous_9)
FN:176,(anonymous_10)
FN:185,(anonymous_11)
FN:196,(anonymous_12)
FNF:13
FNH:13
FNDA:278,(anonymous_0)
FNDA:13,(anonymous_1)
FNDA:13,(anonymous_2)
FNDA:6,(anonymous_3)
FNDA:6,(anonymous_4)
FNDA:6,(anonymous_5)
FNDA:795,(anonymous_6)
FNDA:6,(anonymous_7)
FNDA:72,(anonymous_8)
FNDA:156,(anonymous_9)
FNDA:6,(anonymous_10)
FNDA:6,(anonymous_11)
FNDA:6,(anonymous_12)
DA:8,1
DA:10,1
DA:11,278
DA:12,278
DA:13,278
DA:14,278
DA:15,278
DA:16,278
DA:17,278
DA:18,278
DA:19,278
DA:22,278
DA:23,13
DA:24,13
DA:25,12
DA:26,11
DA:28,1
DA:29,1
DA:32,1
DA:33,1
DA:37,278
DA:38,13
DA:41,278
DA:42,6
DA:51,1
DA:52,1
DA:54,5
DA:55,1
DA:56,1
DA:58,4
DA:59,1
DA:60,1
DA:62,3
DA:66,278
DA:67,6
DA:68,6
DA:69,3
DA:71,3
DA:72,3
DA:73,3
DA:74,3
DA:75,3
DA:76,3
DA:77,3
DA:78,3
DA:79,3
DA:81,3
DA:86,2
DA:87,1
DA:89,1
DA:90,1
DA:93,1
DA:94,1
DA:98,278
DA:117,6
DA:121,795
DA:133,6
DA:157,72
DA:166,156
DA:176,6
DA:185,6
DA:197,6
LF:62
LH:62
BRDA:25,0,0,11
BRDA:25,0,1,1
BRDA:42,1,0,1
BRDA:42,1,1,5
BRDA:43,2,0,6
BRDA:43,2,1,5
BRDA:43,2,2,5
BRDA:43,2,3,5
BRDA:43,2,4,5
BRDA:43,2,5,5
BRDA:43,2,6,5
BRDA:54,3,0,1
BRDA:54,3,1,4
BRDA:58,4,0,1
BRDA:58,4,1,3
BRDA:68,5,0,3
BRDA:68,5,1,3
BRDA:86,6,0,1
BRDA:86,6,1,1
BRDA:128,7,0,6
BRDA:128,7,1,272
BRDA:140,8,0,278
BRDA:140,8,1,6
BRF:23
BRH:23
end_of_record
TN:
SF:client\src\pages\admin\Products.js
FN:7,(anonymous_0)
FN:11,(anonymous_1)
FN:22,(anonymous_2)
FN:34,(anonymous_3)
FNF:4
FNH:4
FNDA:5,(anonymous_0)
FNDA:3,(anonymous_1)
FNDA:3,(anonymous_2)
FNDA:6,(anonymous_3)
DA:7,1
DA:8,5
DA:11,5
DA:12,3
DA:13,3
DA:14,2
DA:16,1
DA:17,1
DA:22,5
DA:23,3
DA:25,5
DA:35,6
LF:12
LH:12
BRF:0
BRH:0
end_of_record
TN:
SF:client\src\pages\admin\UpdateProduct.js
FN:10,(anonymous_0)
FN:24,(anonymous_1)
FN:46,(anonymous_2)
FN:60,(anonymous_3)
FN:65,(anonymous_4)
FN:89,(anonymous_5)
FN:120,(anonymous_6)
FN:154,(anonymous_7)
FN:158,(anonymous_8)
FN:172,(anonymous_9)
FN:208,(anonymous_10)
FN:217,(anonymous_11)
FN:227,(anonymous_12)
FN:236,(anonymous_13)
FN:247,(anonymous_14)
FNF:15
FNH:15
FNDA:334,(anonymous_0)
FNDA:21,(anonymous_1)
FNDA:21,(anonymous_2)
FNDA:21,(anonymous_3)
FNDA:9,(anonymous_4)
FNDA:9,(anonymous_5)
FNDA:4,(anonymous_6)
FNDA:6,(anonymous_7)
FNDA:620,(anonymous_8)
FNDA:6,(anonymous_9)
FNDA:78,(anonymous_10)
FNDA:162,(anonymous_11)
FNDA:27,(anonymous_12)
FNDA:12,(anonymous_13)
FNDA:6,(anonymous_14)
DA:8,1
DA:10,1
DA:11,334
DA:12,334
DA:13,334
DA:14,334
DA:15,334
DA:16,334
DA:17,334
DA:18,334
DA:19,334
DA:20,334
DA:21,334
DA:24,334
DA:25,21
DA:26,21
DA:29,20
DA:30,1
DA:31,1
DA:33,19
DA:34,19
DA:35,19
DA:36,19
DA:37,19
DA:38,19
DA:39,19
DA:41,1
DA:42,1
DA:46,334
DA:47,21
DA:48,21
DA:49,20
DA:50,19
DA:52,1
DA:55,1
DA:56,1
DA:60,334
DA:61,21
DA:62,21
DA:65,334
DA:66,9
DA:74,4
DA:75,4
DA:77,5
DA:78,1
DA:79,1
DA:81,4
DA:82,1
DA:83,1
DA:85,3
DA:89,334
DA:90,9
DA:91,9
DA:92,6
DA:94,3
DA:95,3
DA:96,3
DA:97,3
DA:98,3
DA:99,3
DA:100,3
DA:101,3
DA:102,3
DA:103,3
DA:107,2
DA:108,1
DA:110,1
DA:111,1
DA:114,1
DA:115,1
DA:120,334
DA:121,4
DA:122,4
DA:123,4
DA:124,3
DA:127,2
DA:128,1
DA:130,1
DA:131,1
DA:133,1
DA:134,1
DA:137,334
DA:155,6
DA:159,620
DA:172,6
DA:208,78
DA:217,162
DA:227,27
DA:236,12
DA:248,6
LF:90
LH:90
BRDA:29,0,0,1
BRDA:29,0,1,19
BRDA:29,1,0,20
BRDA:29,1,1,19
BRDA:49,2,0,19
BRDA:49,2,1,1
BRDA:66,3,0,4
BRDA:66,3,1,5
BRDA:67,4,0,9
BRDA:67,4,1,5
BRDA:67,4,2,5
BRDA:67,4,3,5
BRDA:67,4,4,5
BRDA:67,4,5,5
BRDA:77,5,0,1
BRDA:77,5,1,4
BRDA:81,6,0,1
BRDA:81,6,1,3
BRDA:91,7,0,6
BRDA:91,7,1,3
BRDA:100,8,0,3
BRDA:100,8,1,3
BRDA:107,9,0,1
BRDA:107,9,1,1
BRDA:123,10,0,1
BRDA:123,10,1,3
BRDA:127,11,0,1
BRDA:127,11,1,1
BRDA:166,12,0,6
BRDA:166,12,1,328
BRDA:178,13,0,6
BRDA:178,13,1,328
BRDA:189,14,0,328
BRDA:189,14,1,305
BRDA:250,15,0,299
BRDA:250,15,1,35
BRF:36
BRH:36
end_of_record
TN:
SF:client\src\pages\admin\Users.js
FN:5,(anonymous_0)
FNF:1
FNH:0
FNDA:0,(anonymous_0)
DA:5,0
DA:6,0
LF:2
LH:0
BRF:0
BRH:0
end_of_record
TN:
SF:client\src\pages\user\Dashboard.js
FN:5,(anonymous_0)
FNF:1
FNH:0
FNDA:0,(anonymous_0)
DA:5,0
DA:6,0
DA:7,0
LF:3
LH:0
BRF:0
BRH:0
end_of_record
TN:
SF:client\src\pages\user\Orders.js
FN:8,(anonymous_0)
FN:11,(anonymous_1)
FN:20,(anonymous_2)
FN:32,(anonymous_3)
FN:58,(anonymous_4)
FNF:5
FNH:0
FNDA:0,(anonymous_0)
FNDA:0,(anonymous_1)
FNDA:0,(anonymous_2)
FNDA:0,(anonymous_3)
FNDA:0,(anonymous_4)
DA:8,0
DA:9,0
DA:10,0
DA:11,0
DA:12,0
DA:13,0
DA:14,0
DA:16,0
DA:20,0
DA:21,0
DA:23,0
DA:33,0
DA:59,0
LF:13
LH:0
BRDA:21,0,0,0
BRDA:21,0,1,0
BRDA:52,1,0,0
BRDA:52,1,1,0
BRF:4
BRH:0
end_of_record
TN:
SF:client\src\pages\user\Profile.js
FN:7,(anonymous_0)
FN:18,(anonymous_1)
FN:27,(anonymous_2)
FN:67,(anonymous_3)
FN:78,(anonymous_4)
FN:89,(anonymous_5)
FN:99,(anonymous_6)
FN:109,(anonymous_7)
FNF:8
FNH:0
FNDA:0,(anonymous_0)
FNDA:0,(anonymous_1)
FNDA:0,(anonymous_2)
FNDA:0,(anonymous_3)
FNDA:0,(anonymous_4)
FNDA:0,(anonymous_5)
FNDA:0,(anonymous_6)
FNDA:0,(anonymous_7)
DA:7,0
DA:9,0
DA:11,0
DA:12,0
DA:13,0
DA:14,0
DA:15,0
DA:18,0
DA:19,0
DA:20,0
DA:21,0
DA:22,0
DA:23,0
DA:27,0
DA:28,0
DA:29,0
DA:30,0
DA:37,0
DA:38,0
DA:40,0
DA:41,0
DA:42,0
DA:43,0
DA:44,0
DA:45,0
DA:48,0
DA:49,0
DA:52,0
DA:67,0
DA:78,0
DA:89,0
DA:99,0
DA:109,0
LF:33
LH:0
BRDA:37,0,0,0
BRDA:37,0,1,0
BRF:2
BRH:0
end_of_record
